W (20:48:59.134) EDRV: hvc 0 nvc
 0 lvc 0 V 224154 C 0 P 0 pc 6 vl_or 0 vs 25
I (20:48:59.276) TDRV: Temp periodic tmr exp
W (20:48:59.278) O
ST: Temperature conv tmr Tmr Str
td Scsfly
I (20:48:59.312) QSND: INTF_MSG 
to 7 evnt 30 pld 0xff len(w) 0 c
tx 1 fre_req 0
W (20:48:59.312)
 SKT: Pwr Off State_event rcvd e
vent=30
W (20:48:59.313) BLE: c
urr user count 1 index 0
W (20:
48:59.317) BLE: ble curr user co
unt 1 
W (20:48:59.321) LOCAL_S
SL: curr user count 0 index 0
W
 (20:48:59.321) TAG_INTF_MTRX: H
P_FR 94356 HP_L_FR 65536 ST_FR 8184 ST-OCC 8 0 BLE_cnt 1 STA_cnt
 0 Remote_cnt 0
I (20:48:59.335
) RLY:  temp rly ret var 0:0
W 
(20:48:59.339) EDRV: gl:VOLT=224154
W (20:48:59.343) EX: TF: 0 
TZ: 19800 Sys_tm:1753303739
I (
20:48:59.348) EX: get time GMT= 
1753283939
W (20:48:59.360) TDR
V: B_LUT=24.875000 A_LUT=24.8750
00
W (20:48:59.361) TDRV: p_tmp
1=24.875000 c_tmp1=24.875000 inv
_cnt=0 prv_neg 0.000000
W (20:4
8:59.364) TDRV: p_tmp2=24.875000
 c_tmp2=24.875000
I (20:48:59.3
69) SKT: Gys_hdlr_ent_exit GCsta
te 2 UCstate 0 Event proc 30 from intf 7
W (20:48:59.634) EDRV: hvc 0 nvc
 0 lvc 0 V 224154 C 0 P 0 pc 7 v
l_or 0 vs 25
W (20:49:00.036) TDRV: B_LUT=24.
937500 A_LUT=24.937500
W (20:49
:00.037) TDRV: p_tmp1=24.875000 
c_tmp1=24.937500 inv_cnt=0 prv_n
eg 0.000000
W (20:49:00.038) TD
RV: p_tmp2=24.937500 c_tmp2=24.9
37500
W (20:49:00.043) SWH: Tem
p conv cb Exe
W (20:49:00.046) 
SWH: Scs Val = 0 Read Sts = 0
W (20:49:00.050) SWH: Thres Comp 
Exe Gysr Temp State 42 Low Temp 
State 0
I (20:49:00.057) IDEC: 
conv check_flow_ste 38 temperatu
re 24 flow_pre_temp 0

I (20:4
9:00.064) IDEC: conv runtime_pre
_temp 0 temp_val 24.937500 inc_r
ate_status 4 dec_rate_status 0

W (20:49:00.073) IDEC: Decreas
e rate!

W (20:49:00.076) IDEC
: dec_flow_pre_temp == 0 tempera
ture == 24

W (20:49:00.134) EDRV: hvc 0 nvc
 0 lvc 0 V 224154 C 0 P 0 pc 8 v
l_or 0 vs 25
W (20:49:00.179) FDRV: flow_pls_
cnt ===0
W (20:49:00.179) FDRV:
 Total vol cons=0
W (20:49:00.634) EDRV: hvc 0 nvc 0 lvc 0 V 224154 C 0 P 0 pc 9 v
l_or 0 vs 25
W (20:49:01.134) EDRV: hvc 0 nvc
 0 lvc 0 V 224154 C 0 P 0 pc 10 vl_or 0 vs 25
I (20:49:01.276) TDRV: Temp peri
odic tmr exp
W (20:49:01.278) O
ST: Temperature conv tmr Tmr Str
td Scsfly
W (20:49:01.296) EX: TF: 0 TZ: 1
9800 Sys_tm:1753303741
I (20:49:01.296) EX: get time GMT= 17532
83941
W (20:49:01.396) NVM: part erase
 scs
W (20:49:01.396) NVM: part
 erase restart
W (20:49:01.419) NVM: esp_part_w
rite scs
W (20:49:01.538) NVM: part erase
 scs
W (20:49:01.538) NVM: part
 erase restart
W (20:49:01.561) NVM: esp_part_w
rite scs
W (20:49:01.634) EDRV: hvc 1 nvc
 0 lvc 0 V 341864 C 0 P 0 pc 0 v
l_or 0 vs 25
W (20:49:02.036) TDRV: B_LUT=24.
937500 A_LUT=24.937500
W (20:49
:02.037) TDRV: p_tmp1=24.937500 
c_tmp1=24.937500 inv_cnt=0 prv_n
eg 0.000000
W (20:49:02.038) TD
RV: p_tmp2=24.937500 c_tmp2=24.9
37500
W (20:49:02.043) SWH: Tem
p conv cb Exe
W (20:49:02.046) SWH: Scs Val = 0 Read Sts = 0
W
 (20:49:02.050) SWH: Thres Comp 
Exe Gysr Temp State 42 Low Temp 
State 0
I (20:49:02.057) IDEC: 
conv check_flow_ste 38 temperatu
re 24 flow_pre_temp 0

I (20:4
9:02.064) IDEC: conv runtime_pre
_temp 0 temp_val 24.937500 inc_r
ate_status 4 dec_rate_status 0

W (20:49:02.073) IDEC: Decreas
e rate!

W (20:49:02.076) IDEC
: dec_flow_pre_temp == 0 tempera
ture == 24

W (20:49:02.134) EDRV: hvc 0 nvc
 0 lvc 0 V 224154 C 0 P 0 pc 1 v
l_or 0 vs 25
W (20:49:02.634) EDRV: hvc 0 nvc 0 lvc 0 V 224154 C 0 P 0 pc 2 v
l_or 0 vs 25
W (20:49:03.134) EDRV: hvc 0 nvc
 0 lvc 0 V 223786 C 0 P 0 pc 3 v
l_or 0 vs 25
W (20:49:03.161) MSH: ping_tmr_e
xp
E (20:49:03.161) MSH: cnt_pi
ng:1
I (20:49:03.161) IMSG: 04 
04 04 04 04 04 04 04 04 04 04 03
 04 04 04 04 
I (20:49:03.162) 
IMSG: 04 
W (20:49:03.164) BLE:
 curr user count 1 index 0
W (2
0:49:03.169) BLE: ble curr user 
count 1 
W (20:49:03.173) BLE: 
curr user count 1 index 0
W (20
:49:03.177) BLE: ble curr user c
ount 1 
I (20:49:03.181) TST_MS
G: Ble intf:0
I (20:49:03.184) 
TXTH: trans_id 0 pld_len 8 intf 
11 msg_type 1 pr_snt_scs 83
W (
20:49:03.191) FDRV: flow_pls_cnt
 ===0
E (20:49:03.191) IERR: WS
S_NCNT
W (20:49:03.195) FDRV: T
otal vol cons=0
W (20:49:03.198
) BLE: mtu 253
I (20:49:03.204)
 BLE: payld_len 24
I (20:49:03.
207) BLE: iteration 1
W (20:49:
03.210) OST: gatts_config_tmr Tm
r Strtd Scsfly
I (20:49:03.215)
 BLE: config tmr uptd strt
W (2
0:49:03.220) IMSG: send_msg intf
 11 msg_id 42 msg_len 24 sec_mod
e 1 fd 0 pad_len 8 app_id 1 trs_
id 0 scs_snt 83
W (20:49:03.221
) BLE: ESP_GATTS_CONF_EVT, statu
s = 0
W (20:49:03.234) OST: gat
ts_config_tmr,Tmr Stpd Scsfly
I
 (20:49:03.239) BLE: gatts confi
g tmr stpd
I (20:49:03.276) TDRV: Temp periodic tmr exp
W (20:49:03.278) O
ST: Temperature conv tmr Tmr Str
td Scsfly
I (20:49:03.290) BLE: data rcvd 
short write
W (20:49:03.290) OS
T: ping_not_tmr Tmr Strtd Scsfly

I (20:49:03.290) BLE: ping_tmr
_strtd
I (20:49:03.290) MDEC: r
x_len 24
I (20:49:03.293) IERR:
 sync byte matched 0x3ffe596e
W
 (20:49:03.298) MDEC: frame_len=
24
W (20:49:03.302) IINFO: tota
l len 24 proc len 24
W (20:49:0
3.306) MDEC: full frame rcvd
W 
(20:49:03.306) IINFO: rcvd_frm 1
1 num_msg 1 trn_id 5 ack_req 0 f
rm_len 24 sec_mod 1
W (20:49:03
.317) IMSG: rcvd_msg intf 11 msg
_id 42 msg_len 4 msg_type 1
I (
20:49:03.323) QSND: INTF_MSG to 
8 evnt 42 pld 0x3ffd86e0 len(w) 
2 ctx 0 fre_req 1
W (20:49:03.3
30) MSH: event_num=42
I (20:49:
03.330) MDEC: no flow control
W
 (20:49:03.333) MSH: wifi ble ms
g hdlr rcvd event=42
W (20:49:0
3.342) TEST_MSG: type:5,num:242
I (20:49:03.346) MSH: MSG_STE_H
DLR_THRD2384
I (20:49:03.349) Q
MEM: mem clr = 42
I (20:49:03.3
53) MSH: no flow control
W (20:49:03.634) EDRV: hvc 0 nvc
 0 lvc 0 V 224154 C 0 P 0 pc 4 vl_or 0 vs 25
W (20:49:04.036) TDRV: B_LUT=24.
937500 A_LUT=24.937500
W (20:49
:04.037) TDRV: p_tmp1=24.937500 
c_tmp1=24.937500 inv_cnt=0 prv_n
eg 0.000000
W (20:49:04.038) TD
RV: p_tmp2=24.937500 c_tmp2=24.9
37500
W (20:49:04.043) SWH: Tem
p conv cb Exe
W (20:49:04.046) 
SWH: Scs Val = 0 Read Sts = 0
W
 (20:49:04.050) SWH: Thres Comp 
Exe Gysr Temp State 42 Low Temp 
State 0
I (20:49:04.057) IDEC: 
conv check_flow_ste 38 temperatu
re 24 flow_pre_temp 0

I (20:4
9:04.064) IDEC: conv runtime_pre
_temp 0 temp_val 24.937500 inc_r
ate_status 4 dec_rate_status 0

W (20:49:04.073) IDEC: Decreas
e rate!

W (20:49:04.076) IDEC
: dec_flow_pre_temp == 0 tempera
ture == 24

W (20:49:04.134) EDRV: hvc 0 nvc
 0 lvc 0 V 224154 C 0 P 0 pc 5 v
l_or 0 vs 25
I (20:49:04.312) QSND: INTF_MSG 
to 7 evnt 30 pld 0xff len(w) 0 c
tx 1 fre_req 0
W (20:49:04.312)
 SKT: Pwr Off State_event rcvd e
vent=30
W (20:49:04.313) BLE: c
urr user count 1 index 0
W (20:
49:04.317) BLE: ble curr user co
unt 1 
W (20:49:04.321) LOCAL_S
SL: curr user count 0 index 0
W
 (20:49:04.321) TAG_INTF_MTRX: H
P_FR 94356 HP_L_FR 65536 ST_FR 8
184 ST-OCC 8 0 BLE_cnt 1 STA_cnt
 0 Remote_cnt 0
I (20:49:04.335
) RLY:  temp rly ret var 0:0
W 
(20:49:04.339) EDRV: gl:VOLT=224
154
W (20:49:04.343) EX: TF: 0 TZ: 19800 Sys_tm:1753303744
I (
20:49:04.348) EX: get time GMT= 
1753283944
W (20:49:04.360) TDR
V: B_LUT=24.937500 A_LUT=24.9375
00
W (20:49:04.361) TDRV: p_tmp
1=24.937500 c_tmp1=24.937500 inv
_cnt=0 prv_neg 0.000000
W (20:4
9:04.364) TDRV: p_tmp2=24.937500
 c_tmp2=24.937500
I (20:49:04.3
69) SKT: Gys_hdlr_ent_exit GCsta
te 2 UCstate 0 Event proc 30 from intf 7
W (20:49:04.634) EDRV: hvc 0 nvc 0 lvc 0 V 224154 C 0 P 0 pc 6 v
l_or 0 vs 25
W (20:49:05.134) EDRV: hvc 0 nvc
 0 lvc 0 V 224154 C 0 P 0 pc 7 v
l_or 0 vs 25
I (20:49:05.276) TDRV: Temp peri
odic tmr exp
W (20:49:05.278) O
ST: Temperature conv tmr Tmr Str
td Scsfly
W (20:49:05.634) EDRV: hvc 0 nvc 0 lvc 0 V 224154 C 0 P 0 pc 8 v
l_or 0 vs 25
W (20:49:06.036) TDRV: B_LUT=24.
937500 A_LUT=24.937500
W (20:49
:06.037) TDRV: p_tmp1=24.937500 
c_tmp1=24.937500 inv_cnt=0 prv_n
eg 0.000000
W (20:49:06.038) TD
RV: p_tmp2=24.937500 c_tmp2=24.9
37500
W (20:49:06.043) SWH: Tem
p conv cb Exe
W (20:49:06.046) 
SWH: Scs Val = 0 Read Sts = 0
W
 (20:49:06.050) SWH: Thres Comp 
Exe Gysr Temp State 42 Low Temp 
State 0
I (20:49:06.057) IDEC: 
conv check_flow_ste 38 temperatu
re 24 flow_pre_temp 0

I (20:4
9:06.064) IDEC: conv runtime_pre
_temp 0 temp_val 24.937500 inc_r
ate_status 4 dec_rate_status 0

W (20:49:06.073) IDEC: Decreas
e rate!

W (20:49:06.076) IDEC
: dec_flow_pre_temp == 0 tempera
ture == 24

W (20:49:06.134) EDRV: hvc 0 nvc
 0 lvc 0 V 224154 C 0 P 0 pc 9 v
l_or 0 vs 25
W (20:49:06.179) FDRV: flow_pls_
cnt ===0
W (20:49:06.179) FDRV:
 Total vol cons=0
W (20:49:06.561) EX: TF: 0 TZ: 1
9800 Sys_tm:1753303746
I (20:49
:06.561) EX: get time GMT= 17532
83946
W (20:49:06.660) NVM: part erase
 scs
W (20:49:06.660) NVM: part erase restart
W (20:49:06.683) EDRV: hvc 0 nvc
 0 lvc 0 V 224154 C 0 P 0 pc 10 
vl_or 0 vs 25
W (20:49:06.683) 
NVM: esp_part_write scs
W (20:49:06.798) NVM: part erase
 scs
W (20:49:06.798) NVM: part
 erase restart
W (20:49:06.820) NVM: esp_part_write scs
W (20:49:07.134) EDRV: hvc 0 nvc
 0 lvc 0 V 224154 C 0 P 0 pc 0 v
l_or 0 vs 25
I (20:49:07.276) TDRV: Temp peri
odic tmr exp
W (20:49:07.278) O
ST: Temperature conv tmr Tmr Str
td Scsfly
W (20:49:07.634) EDRV: hvc 0 nvc
 0 lvc 0 V 224154 C 0 P 0 pc 1 v
l_or 0 vs 25
W (20:49:08.036) TDRV: B_LUT=24.
937500 A_LUT=24.937500
W (20:49
:08.037) TDRV: p_tmp1=24.937500 
c_tmp1=24.937500 inv_cnt=0 prv_n
eg 0.000000
W (20:49:08.038) TD
RV: p_tmp2=24.937500 c_tmp2=24.9
37500
W (20:49:08.043) SWH: Tem
p conv cb Exe
W (20:49:08.046) 
SWH: Scs Val = 0 Read Sts = 0
W
 (20:49:08.050) SWH: Thres Comp 
Exe Gysr Temp State 42 Low Temp State 0
I (20:49:08.057) IDEC: 
conv check_flow_ste 38 temperatu
re 24 flow_pre_temp 0

I (20:4
9:08.064) IDEC: conv runtime_pre
_temp 0 temp_val 24.937500 inc_r
ate_status 4 dec_rate_status 0

W (20:49:08.073) IDEC: Decreas
e rate!

W (20:49:08.076) IDEC
: dec_flow_pre_temp == 0 tempera
ture == 24

W (20:49:08.134) EDRV: hvc 0 nvc
 0 lvc 0 V 224154 C 0 P 0 pc 2 v
l_or 0 vs 25
W (20:49:08.634) EDRV: hvc 0 nvc
 0 lvc 0 V 224154 C 0 P 0 pc 3 v
l_or 0 vs 25
W (20:49:09.134) EDRV: hvc 0 nvc
 0 lvc 0 V 224154 C 0 P 0 pc 4 v
l_or 0 vs 25
W (20:49:09.179) FDRV: flow_pls_
cnt ===0
W (20:49:09.179) FDRV:
 Total vol cons=0
I (20:49:09.276) TDRV: Temp peri
odic tmr exp
W (20:49:09.278) OST: Temperature conv tmr Tmr Str
td Scsfly
I (20:49:09.312) QSND: INTF_MSG 
to 7 evnt 30 pld 0xff len(w) 0 c
tx 1 fre_req 0
W (20:49:09.312)
 SKT: Pwr Off State_event rcvd e
vent=30
W (20:49:09.313) BLE: c
urr user count 1 index 0
W (20:
49:09.317) BLE: ble curr user co
unt 1 
W (20:49:09.321) LOCAL_S
SL: curr user count 0 index 0
W
 (20:49:09.321) TAG_INTF_MTRX: H
P_FR 94356 HP_L_FR 65536 ST_FR 8
184 ST-OCC 8 0 BLE_cnt 1 STA_cnt
 0 Remote_cnt 0
I (20:49:09.335
) RLY:  temp rly ret var 0:0
W 
(20:49:09.339) EDRV: gl:VOLT=224
154
W (20:49:09.343) EX: TF: 0 
TZ: 19800 Sys_tm:1753303749
I (
20:49:09.348) EX: get time GMT= 
1753283949
W (20:49:09.360) TDR
V: B_LUT=24.937500 A_LUT=24.9375
00
W (20:49:09.361) TDRV: p_tmp
1=24.937500 c_tmp1=24.937500 inv
_cnt=0 prv_neg 0.000000
W (20:4
9:09.364) TDRV: p_tmp2=24.937500
 c_tmp2=24.937500
I (20:49:09.3
69) SKT: Gys_hdlr_ent_exit GCsta
te 2 UCstate 0 Event proc 30 fro
m intf 7
W (20:49:09.634) EDRV: hvc 0 nvc
 0 lvc 0 V 224154 C 0 P 0 pc 5 vl_or 0 vs 25
W (20:49:10.036) TDRV: B_LUT=24.
937500 A_LUT=24.937500
W (20:49
:10.037) TDRV: p_tmp1=24.937500 
c_tmp1=24.937500 inv_cnt=0 prv_n
eg 0.000000
W (20:49:10.038) TD
RV: p_tmp2=24.937500 c_tmp2=24.9
37500
W (20:49:10.043) SWH: Tem
p conv cb Exe
W (20:49:10.046) 
SWH: Scs Val = 0 Read Sts = 0
W
 (20:49:10.050) SWH: Thres Comp 
Exe Gysr Temp State 42 Low Temp 
State 0
I (20:49:10.057) IDEC: 
conv check_flow_ste 38 temperatu
re 24 flow_pre_temp 0

I (20:49:10.064) IDEC: conv runtime_pre
_temp 0 temp_val 24.937500 inc_r
ate_status 4 dec_rate_status 0

W (20:49:10.073) IDEC: Decreas
e rate!

W (20:49:10.076) IDEC
: dec_flow_pre_temp == 0 tempera
ture == 24

W (20:49:10.134) EDRV: hvc 0 nvc
 0 lvc 0 V 224154 C 0 P 0 pc 6 vl_or 0 vs 25
W (20:49:10.634) EDRV: hvc 0 nvc
 0 lvc 0 V 224154 C 0 P 0 pc 7 v
l_or 0 vs 25
W (20:49:11.134) EDRV: hvc 0 nvc
 0 lvc 0 V 224154 C 0 P 0 pc 8 v
l_or 0 vs 25
I (20:49:11.276) TDRV: Temp peri
odic tmr exp
W (20:49:11.278) O
ST: Temperature conv tmr Tmr Str
td Scsfly
W (20:49:11.634) EDRV: hvc 0 nvc 0 lvc 0 V 224154 C 0 P 0 pc 9 v
l_or 0 vs 25
W (20:49:11.821) EX: TF: 0 TZ: 1
9800 Sys_tm:1753303751
I (20:49
:11.821) EX: get time GMT= 1753283951
W (20:49:11.919) NVM: part erase
 scs
W (20:49:11.919) NVM: part
 erase restart
W (20:49:11.941) NVM: esp_part_w
rite scs
W (20:49:12.057) NVM: part erase
 scs
W (20:49:12.058) NVM: part
 erase restart
W (20:49:12.080) NVM: esp_part_w
rite scs
W (20:49:12.088) TDRV: B_LUT=24.
875000 A_LUT=24.875000
W (20:49
:12.088) TDRV: p_tmp1=24.937500 
c_tmp1=24.875000 inv_cnt=0 prv_n
eg 0.000000
W (20:49:12.089) TD
RV: p_tmp2=24.875000 c_tmp2=24.8
75000
W (20:49:12.094) SWH: Tem
p conv cb Exe
W (20:49:12.098) 
SWH: Scs Val = 0 Read Sts = 0
W (20:49:12.102) SWH: Thres Comp 
Exe Gysr Temp State 42 Low Temp 
State 0
I (20:49:12.108) IDEC: 
conv check_flow_ste 38 temperatu
re 24 flow_pre_temp 0

I (20:4
9:12.115) IDEC: conv runtime_pre
_temp 0 temp_val 24.875000 inc_r
ate_status 4 dec_rate_status 0

W (20:49:12.124) IDEC: Decreas
e rate!

W (20:49:12.128) IDEC
: dec_flow_pre_temp == 0 tempera
ture == 24

W (20:49:12.154) EDRV: hvc 0 nvc
 0 lvc 0 V 246043 C 0 P 0 pc 10 
vl_or 0 vs 25
W (20:49:12.179) FDRV: flow_pls_
cnt ===0
W (20:49:12.179) FDRV:
 Total vol cons=0
W (20:49:12.634) EDRV: hvc 0 nvc
 0 lvc 0 V 224154 C 0 P 0 pc 0 v
l_or 0 vs 25
W (20:49:13.134) EDRV: hvc 0 nvc
 0 lvc 0 V 224154 C 0 P 0 pc 1 v
l_or 0 vs 25
I (20:49:13.276) TDRV: Temp peri
odic tmr exp
W (20:49:13.278) O
ST: Temperature conv tmr Tmr Str
td Scsfly
W (20:49:13.634) EDRV: hvc 0 nvc
 0 lvc 0 V 224154 C 0 P 0 pc 2 vl_or 0 vs 25
W (20:49:14.036) TDRV: B_LUT=24.
937500 A_LUT=24.937500
W (20:49
:14.037) TDRV: p_tmp1=24.875000 
c_tmp1=24.937500 inv_cnt=0 prv_n
eg 0.000000
W (20:49:14.038) TD
RV: p_tmp2=24.937500 c_tmp2=24.9
37500
W (20:49:14.043) SWH: Tem
p conv cb Exe
W (20:49:14.046) 
SWH: Scs Val = 0 Read Sts = 0
W
 (20:49:14.050) SWH: Thres Comp 
Exe Gysr Temp State 42 Low Temp 
State 0
I (20:49:14.057) IDEC: 
conv check_flow_ste 38 temperatu
re 24 flow_pre_temp 0

I (20:4
9:14.064) IDEC: conv runtime_pre
_temp 0 temp_val 24.937500 inc_rate_status 4 dec_rate_status 0

W (20:49:14.073) IDEC: Decreas
e rate!

W (20:49:14.076) IDEC
: dec_flow_pre_temp == 0 temperature == 24

W (20:49:14.134) EDRV: hvc 0 nvc
 0 lvc 0 V 224154 C 0 P 0 pc 3 v
l_or 0 vs 25
I (20:49:14.312) QSND: INTF_MSG 
to 7 evnt 30 pld 0xff len(w) 0 ctx 1 fre_req 0
W (20:49:14.312)
 SKT: Pwr Off State_event rcvd e
vent=30
W (20:49:14.313) BLE: c
urr user count 1 index 0
W (20:
49:14.317) BLE: ble curr user co
unt 1 
W (20:49:14.321) LOCAL_S
SL: curr user count 0 index 0
W
 (20:49:14.321) TAG_INTF_MTRX: H
P_FR 94356 HP_L_FR 65536 ST_FR 8184 ST-OCC 8 0 BLE_cnt 1 STA_cnt
 0 Remote_cnt 0
I (20:49:14.335
) RLY:  temp rly ret var 0:0
W 
(20:49:14.339) EDRV: gl:VOLT=224
154
W (20:49:14.343) EX: TF: 0 
TZ: 19800 Sys_tm:1753303754
I (
20:49:14.348) EX: get time GMT= 
1753283954
W (20:49:14.360) TDR
V: B_LUT=24.937500 A_LUT=24.9375
00
W (20:49:14.361) TDRV: p_tmp
1=24.937500 c_tmp1=24.937500 inv
_cnt=0 prv_neg 0.000000
W (20:4
9:14.364) TDRV: p_tmp2=24.937500
 c_tmp2=24.937500
I (20:49:14.3
69) SKT: Gys_hdlr_ent_exit GCsta
te 2 UCstate 0 Event proc 30 fro
m intf 7
W (20:49:14.634) EDRV: hvc 0 nvc
 0 lvc 0 V 224154 C 0 P 0 pc 4 vl_or 0 vs 25
W (20:49:15.134) EDRV: hvc 0 nvc
 0 lvc 0 V 224154 C 0 P 0 pc 5 v
l_or 0 vs 25
W (20:49:15.179) FDRV: flow_pls_
cnt ===0
W (20:49:15.179) FDRV:
 Total vol cons=0
I (20:49:15.276) TDRV: Temp peri
odic tmr exp
W (20:49:15.278) O
ST: Temperature conv tmr Tmr Strtd Scsfly
W (20:49:15.634) EDRV: hvc 0 nvc 0 lvc 0 V 224154 C 0 P 0 pc 6
 vl_or 0 vs 25
W (20:49:16.036) TDRV: B_LUT=24.937500 A_LUT=24.937500
W (20:49
:16.037) TDRV: p_tmp1=24.937500 
c_tmp1=24.937500 inv_cnt=0 prv_neg 0.000000
W (20:49:16.038) TD
RV: p_tmp2=24.937500 c_tmp2=24.9
37500
W (20:49:16.043) SWH: Tem
p conv cb Exe
W (20:49:16.046) 
SWH: Scs Val = 0 Read Sts = 0
W (20:49:16.050) SWH: Thres Comp 
Exe Gysr Temp State 42 Low Temp 
State 0
I (20:49:16.057) IDEC: 
conv check_flow_ste 38 temperatu
re 24 flow_pre_temp 0

I (20:49:16.064) IDEC: conv runtime_pre
_temp 0 temp_val 24.937500 inc_r
ate_status 4 dec_rate_status 0

W (20:49:16.073) IDEC: Decrease rate!

W (20:49:16.076) IDEC
: dec_flow_pre_temp == 0 tempera
ture == 24

W (20:49:16.134) EDRV: hvc 0 nvc
 0 lvc 0 V 224154 C 0 P 0 pc 7 v
l_or 0 vs 25
W (20:49:16.634) EDRV: hvc 0 nvc
 0 lvc 0 V 224154 C 0 P 0 pc 8 v
l_or 0 vs 25
W (20:49:17.081) EX: TF: 0 TZ: 1
9800 Sys_tm:1753303757
I (20:49
:17.081) EX: get time GMT= 17532
83957
W (20:49:17.180) NVM: part erase
 scs
W (20:49:17.181) NVM: part
 erase restart
W (20:49:17.203) EDRV: hvc 0 nvc
 0 lvc 0 V 224154 C 0 P 0 pc 9 v
l_or 0 vs 25
W (20:49:17.203) N
VM: esp_part_write scs
I (20:49:17.319) TDRV: Temp peri
odic tmr exp
W (20:49:17.319) N
VM: part erase scs
W (20:49:17.
320) NVM: part erase restart
W (20:49:17.342) NVM: esp_part_write scs
W (20:49:17.344) OST: 
Temperature conv tmr Tmr Strtd S
csfly
W (20:49:17.634) EDRV: hvc 0 nvc
 0 lvc 0 V 224154 C 0 P 0 pc 10 
vl_or 0 vs 25
W (20:49:18.102) TDRV: B_LUT=24.
937500 A_LUT=24.937500
W (20:49
:18.103) TDRV: p_tmp1=24.937500 
c_tmp1=24.937500 inv_cnt=0 prv_n
eg 0.000000
W (20:49:18.104) TD
RV: p_tmp2=24.937500 c_tmp2=24.9
37500
W (20:49:18.109) SWH: Tem
p conv cb Exe
W (20:49:18.112) 
SWH: Scs Val = 0 Read Sts = 0
W
 (20:49:18.116) SWH: Thres Comp 
Exe Gysr Temp State 42 Low Temp 
State 0
I (20:49:18.123) IDEC: 
conv check_flow_ste 38 temperatu
re 24 flow_pre_temp 0

I (20:4
9:18.130) IDEC: conv runtime_pre
_temp 0 temp_val 24.937500 inc_r
ate_status 4 dec_rate_status 0

W (20:49:18.139) IDEC: Decreas
e rate!

W (20:49:18.142) IDEC
: dec_flow_pre_temp == 0 tempera
ture == 24

W (20:49:18.168) EDRV: hvc 0 nvc
 0 lvc 0 V 224154 C 0 P 0 pc 0 v
l_or 0 vs 25
W (20:49:18.179) FDRV: flow_pls_
cnt ===0
W (20:49:18.179) FDRV:
 Total vol cons=0
W (20:49:18.634) EDRV: hvc 0 nvc
 0 lvc 0 V 224154 C 0 P 0 pc 1 v
l_or 0 vs 25
W (20:49:19.134) EDRV: hvc 0 nvc
 0 lvc 0 V 224154 C 0 P 0 pc 2 v
l_or 0 vs 25
I (20:49:19.276) TDRV: Temp peri
odic tmr exp
W (20:49:19.278) O
ST: Temperature conv tmr Tmr Str
td Scsfly
I (20:49:19.312) QSND: INTF_MSG 
to 7 evnt 30 pld 0xff len(w) 0 c
tx 1 fre_req 0
W (20:49:19.312)
 SKT: Pwr Off State_event rcvd e
vent=30
W (20:49:19.313) BLE: c
urr user count 1 index 0
W (20:
49:19.317) BLE: ble curr user co
unt 1 
W (20:49:19.321) LOCAL_S
SL: curr user count 0 index 0
W
 (20:49:19.321) TAG_INTF_MTRX: H
P_FR 94356 HP_L_FR 65536 ST_FR 8
184 ST-OCC 8 0 BLE_cnt 1 STA_cnt
 0 Remote_cnt 0
I (20:49:19.335
) RLY:  temp rly ret var 0:0
W 
(20:49:19.339) EDRV: gl:VOLT=224
154
W (20:49:19.343) EX: TF: 0 
TZ: 19800 Sys_tm:1753303759
I (
20:49:19.348) EX: get time GMT= 
1753283959
W (20:49:19.360) TDR
V: B_LUT=24.937500 A_LUT=24.9375
00
W (20:49:19.361) TDRV: p_tmp
1=24.937500 c_tmp1=24.937500 inv
_cnt=0 prv_neg 0.000000
W (20:4
9:19.364) TDRV: p_tmp2=24.937500 c_tmp2=24.937500
I (20:49:19.3
69) SKT: Gys_hdlr_ent_exit GCsta
te 2 UCstate 0 Event proc 30 from intf 7
W (20:49:19.634) EDRV: hvc 0 nvc
 0 lvc 0 V 224154 C 0 P 0 pc 3 v
l_or 0 vs 25
W (20:49:20.036) TDRV: B_LUT=24.
937500 A_LUT=24.937500
W (20:49:20.037) TDRV: p_tmp1=24.937500 
c_tmp1=24.937500 inv_cnt=0 prv_n
eg 0.000000
W (20:49:20.038) TD
RV: p_tmp2=24.937500 c_tmp2=24.937500
W (20:49:20.043) SWH: Tem
p conv cb Exe
W (20:49:20.046) 
SWH: Scs Val = 0 Read Sts = 0
W
 (20:49:20.050) SWH: Thres Comp 
Exe Gysr Temp State 42 Low Temp 
State 0
I (20:49:20.057) IDEC: 
conv check_flow_ste 38 temperatu
re 24 flow_pre_temp 0

I (20:4
9:20.064) IDEC: conv runtime_pre
_temp 0 temp_val 24.937500 inc_r
ate_status 4 dec_rate_status 0

W (20:49:20.073) IDEC: Decreas
e rate!

W (20:49:20.076) IDEC
: dec_flow_pre_temp == 0 tempera
ture == 24

W (20:49:20.134) EDRV: hvc 0 nvc
 0 lvc 0 V 224154 C 0 P 0 pc 4 v
l_or 0 vs 25
W (20:49:20.634) EDRV: hvc 0 nvc
 0 lvc 0 V 224154 C 0 P 0 pc 5 v
l_or 0 vs 25
W (20:49:21.134) EDRV: hvc 0 nvc 0 lvc 0 V 224154 C 0 P 0 pc 6 v
l_or 0 vs 25
W (20:49:21.179) FDRV: flow_pls_
cnt ===0
W (20:49:21.179) FDRV:
 Total vol cons=0
I (20:49:21.276) TDRV: Temp peri
odic tmr exp
W (20:49:21.278) O
ST: Temperature conv tmr Tmr Str
td Scsfly
W (20:49:21.634) EDRV: hvc 0 nvc
 0 lvc 0 V 224154 C 0 P 0 pc 7 v
l_or 0 vs 25
W (20:49:22.036) TDRV: B_LUT=24.
937500 A_LUT=24.937500
W (20:49
:22.037) TDRV: p_tmp1=24.937500 
c_tmp1=24.937500 inv_cnt=0 prv_n
eg 0.000000
W (20:49:22.038) TD
RV: p_tmp2=24.937500 c_tmp2=24.9
37500
W (20:49:22.043) SWH: Tem
p conv cb Exe
W (20:49:22.046) 
SWH: Scs Val = 0 Read Sts = 0
W
 (20:49:22.050) SWH: Thres Comp 
Exe Gysr Temp State 42 Low Temp 
State 0
I (20:49:22.057) IDEC: 
conv check_flow_ste 38 temperatu
re 24 flow_pre_temp 0

I (20:4
9:22.064) IDEC: conv runtime_pre
_temp 0 temp_val 24.937500 inc_r
ate_status 4 dec_rate_status 0

W (20:49:22.073) IDEC: Decrease rate!

W (20:49:22.076) IDEC
: dec_flow_pre_temp == 0 tempera
ture == 24

W (20:49:22.134) EDRV: hvc 0 nvc
 0 lvc 0 V 224154 C 0 P 0 pc 8 v
l_or 0 vs 25
W (20:49:22.343) EX: TF: 0 TZ: 1
9800 Sys_tm:1753303762
I (20:49
:22.343) EX: get time GMT= 17532
83962
W (20:49:22.442) NVM: part erase
 scs
W (20:49:22.442) NVM: part
 erase restart
W (20:49:22.465) NVM: esp_part_w
rite scs
W (20:49:22.580) NVM: part erase
 scs
W (20:49:22.580) NVM: part
 erase restart
W (20:49:22.602) NVM: esp_part_w
rite scs
W (20:49:22.634) EDRV: hvc 1 nvc
 0 lvc 0 V 322421 C 0 P 0 pc 0 v
l_or 0 vs 25
W (20:49:23.134) EDRV: hvc 0 nvc
 0 lvc 0 V 224154 C 0 P 0 pc 1 v
l_or 0 vs 25
I (20:49:23.276) TDRV: Temp peri
odic tmr exp
W (20:49:23.278) O
ST: Temperature conv tmr Tmr Strtd Scsfly
W (20:49:23.290) MSH: ping_tmr_e
xp
E (20:49:23.290) MSH: cnt_pi
ng:1
I (20:49:23.290) IMSG: 04 
04 04 04 04 04 04 04 04 04 04 03
 04 04 04 04 
I (20:49:23.291) 
IMSG: 04 
W (20:49:23.293) BLE:
 curr user count 1 index 0
W (2
0:49:23.298) BLE: ble curr user 
count 1 
W (20:49:23.302) BLE: 
curr user count 1 index 0
W (20
:49:23.306) BLE: ble curr user c
ount 1 
I (20:49:23.310) TST_MS
G: Ble intf:0
I (20:49:23.313) 
TXTH: trans_id 0 pld_len 8 intf 
11 msg_type 1 pr_snt_scs 84
E (
20:49:23.321) IERR: WSS_NCNT
W 
(20:49:23.323) BLE: mtu 253
I (
20:49:23.326) BLE: payld_len 24
I (20:49:23.329) BLE: iteration 1
W (20:49:23.332) OST: gatts_
config_tmr Tmr Strtd Scsfly
I (
20:49:23.337) BLE: config tmr up
td strt
W (20:49:23.342) IMSG: 
send_msg intf 11 msg_id 42 msg_l
en 24 sec_mode 1 fd 0 pad_len 8 
app_id 1 trs_id 0 scs_snt 84
W 
(20:49:23.343) BLE: ESP_GATTS_CO
NF_EVT, status = 0
W (20:49:23.
355) OST: gatts_config_tmr,Tmr S
tpd Scsfly
I (20:49:23.360) BLE
: gatts config tmr stpd
I (20:49:23.424) BLE: data rcvd 
short write
W (20:49:23.424) OS
T: ping_not_tmr Tmr Strtd Scsfly

I (20:49:23.424) BLE: ping_tmr
_strtd
I (20:49:23.424) MDEC: r
x_len 24
I (20:49:23.427) IERR:
 sync byte matched 0x3ffe596e
W
 (20:49:23.432) MDEC: frame_len=24
W (20:49:23.436) IINFO: tota
l len 24 proc len 24
W (20:49:2
3.440) MDEC: full frame rcvd
W 
(20:49:23.440) IINFO: rcvd_frm 1
1 num_msg 1 trn_id 6 ack_req 0 f
rm_len 24 sec_mod 1
W (20:49:23
.451) IMSG: rcvd_msg intf 11 msg
_id 42 msg_len 4 msg_type 1
I (
20:49:23.457) QSND: INTF_MSG to 
8 evnt 42 pld 0x3ffd86e0 len(w) 
2 ctx 0 fre_req 1
W (20:49:23.4
64) MSH: event_num=42
I (20:49:
23.464) MDEC: no flow control
W
 (20:49:23.467) MSH: wifi ble ms
g hdlr rcvd event=42
W (20:49:2
3.476) TEST_MSG: type:5,num:241
I (20:49:23.479) MSH: MSG_STE_H
DLR_THRD2384
I (20:49:23.483) Q
MEM: mem clr = 42
I (20:49:23.4
87) MSH: no flow control
W (20:49:23.634) EDRV: hvc 0 nvc
 0 lvc 0 V 224154 C 0 P 0 pc 2 v
l_or 0 vs 25
W (20:49:24.036) TDRV: B_LUT=24.
875000 A_LUT=24.875000
W (20:49
:24.037) TDRV: p_tmp1=24.937500 
c_tmp1=24.875000 inv_cnt=0 prv_n
eg 0.000000
W (20:49:24.038) TD
RV: p_tmp2=24.875000 c_tmp2=24.8
75000
W (20:49:24.043) SWH: Tem
p conv cb Exe
W (20:49:24.046) 
SWH: Scs Val = 0 Read Sts = 0
W
 (20:49:24.050) SWH: Thres Comp 
Exe Gysr Temp State 42 Low Temp 
State 0
I (20:49:24.057) IDEC: 
conv check_flow_ste 38 temperature 24 flow_pre_temp 0

I (20:4
9:24.064) IDEC: conv runtime_pre
_temp 0 temp_val 24.875000 inc_r
ate_status 4 dec_rate_status 0

W (20:49:24.073) IDEC: Decreas
e rate!

W (20:49:24.077) IDEC
: dec_flow_pre_temp == 0 tempera
ture == 24

W (20:49:24.134) EDRV: hvc 0 nvc
 0 lvc 0 V 224154 C 0 P 0 pc 3 v
l_or 0 vs 25
W (20:49:24.179) FDRV: flow_pls_
cnt ===0
W (20:49:24.179) FDRV:
 Total vol cons=0
I (20:49:24.312) QSND: INTF_MSG 
to 7 evnt 30 pld 0xff len(w) 0 c
tx 1 fre_req 0
W (20:49:24.312)
 SKT: Pwr Off State_event rcvd e
vent=30
W (20:49:24.312) PCNT: 
GPt 446412 Gsp 446084 SPt 461760
 SnPt 0  Qdp 0 ocnt 7771 pos 457
761 nc 77 ws 0 ltc 703 wtc 0 mlo
cFl 0 hpFl 0 rhp 94356 bleC 0 ml
scnt 0 Rev_ 20380
W (20:49:24.328) BLE: curr user count 1 index
 0
W (20:49:24.331) BLE: ble cu
rr user count 1 
W (20:49:24.33
5) LOCAL_SSL: curr user count 0 index 0
W (20:49:24.335) TAG_IN
TF_MTRX: HP_FR 94356 HP_L_FR 655
36 ST_FR 8184 ST-OCC 8 0 BLE_cnt
 1 STA_cnt 0 Remote_cnt 0
I (20
:49:24.350) RLY:  temp rly ret v
ar 0:0
W (20:49:24.354) EDRV: g
l:VOLT=224154
W (20:49:24.358) 
EX: TF: 0 TZ: 19800 Sys_tm:17533
03764
I (20:49:24.362) EX: get 
time GMT= 1753283964
W (20:49:2
4.375) TDRV: B_LUT=24.875000 A_L
UT=24.875000
W (20:49:24.375) T
DRV: p_tmp1=24.875000 c_tmp1=24.
875000 inv_cnt=0 prv_neg 0.00000
0
W (20:49:24.379) TDRV: p_tmp2
=24.875000 c_tmp2=24.875000
I (
20:49:24.384) SKT: Gys_hdlr_ent_
exit GCstate 2 UCstate 0 Event p
roc 30 from intf 7
W (20:49:24.634) EDRV: hvc 0 nvc
 0 lvc 0 V 224154 C 0 P 0 pc 4 vl_or 0 vs 25
W (20:49:25.134) EDRV: hvc 0 nvc
 0 lvc 0 V 224154 C 0 P 0 pc 5 v
l_or 0 vs 25
I (20:49:25.276) TDRV: Temp peri
odic tmr exp
W (20:49:25.278) O
ST: Temperature conv tmr Tmr Str
td Scsfly
W (20:49:25.634) EDRV: hvc 0 nvc
 0 lvc 0 V 224154 C 0 P 0 pc 6 v
l_or 0 vs 25
W (20:49:26.036) TDRV: B_LUT=24.
875000 A_LUT=24.875000
W (20:49
:26.037) TDRV: p_tmp1=24.875000 
c_tmp1=24.875000 inv_cnt=0 prv_neg 0.000000
W (20:49:26.038) TD
RV: p_tmp2=24.875000 c_tmp2=24.8
75000
W (20:49:26.043) SWH: Tem
p conv cb Exe
W (20:49:26.046) 
SWH: Scs Val = 0 Read Sts = 0
W (20:49:26.050) SWH: Thres Comp 
Exe Gysr Temp State 42 Low Temp 
State 0
I (20:49:26.057) IDEC: 
conv check_flow_ste 38 temperature 24 flow_pre_temp 0

I (20:4
9:26.064) IDEC: conv runtime_pre
_temp 0 temp_val 24.875000 inc_r
ate_status 4 dec_rate_status 0

W (20:49:26.073) IDEC: Decreas
e rate!

W (20:49:26.076) IDEC
: dec_flow_pre_temp == 0 tempera
ture == 24

W (20:49:26.134) EDRV: hvc 0 nvc
 0 lvc 0 V 224154 C 0 P 0 pc 7 v
l_or 0 vs 25
W (20:49:26.634) EDRV: hvc 0 nvc
 0 lvc 0 V 224154 C 0 P 0 pc 8 v
l_or 0 vs 25
W (20:49:27.134) EDRV: hvc 0 nvc
 0 lvc 0 V 224154 C 0 P 0 pc 9 vl_or 0 vs 25
W (20:49:27.179) FDRV: flow_pls_
cnt ===0
W (20:49:27.179) FDRV:
 Total vol cons=0
I (20:49:27.276) TDRV: Temp peri
odic tmr exp
W (20:49:27.278) OST: Temperature conv tmr Tmr Str
td Scsfly
W (20:49:27.603) EX: TF: 0 TZ: 1
9800 Sys_tm:1753303767
I (20:49
:27.603) EX: get time GMT= 1753283967
W (20:49:27.702) NVM: part erase
 scs
W (20:49:27.703) NVM: part
 erase restart
W (20:49:27.725) EDRV: hvc 0 nvc
 0 lvc 0 V 224154 C 0 P 0 pc 10 
vl_or 0 vs 25
W (20:49:27.725) 
NVM: esp_part_write scs
W (20:49:27.822) NVM: part erase
 scs
W (20:49:27.822) NVM: part
 erase restart
W (20:49:27.846) NVM: esp_part_w
rite scs
W (20:49:28.036) TDRV: B_LUT=24.
875000 A_LUT=24.875000
W (20:49
:28.037) TDRV: p_tmp1=24.875000 
c_tmp1=24.875000 inv_cnt=0 prv_n
eg 0.000000
W (20:49:28.038) TD
RV: p_tmp2=24.875000 c_tmp2=24.8
75000
W (20:49:28.043) SWH: Tem
p conv cb Exe
W (20:49:28.046) 
SWH: Scs Val = 0 Read Sts = 0
W
 (20:49:28.050) SWH: Thres Comp 
Exe Gysr Temp State 42 Low Temp 
State 0
I (20:49:28.057) IDEC: 
conv check_flow_ste 38 temperatu
re 24 flow_pre_temp 0

I (20:4
9:28.064) IDEC: conv runtime_pre
_temp 0 temp_val 24.875000 inc_r
ate_status 4 dec_rate_status 0

W (20:49:28.073) IDEC: Decreas
e rate!

W (20:49:28.076) IDEC
: dec_flow_pre_temp == 0 tempera
ture == 24

W (20:49:28.134) EDRV: hvc 0 nvc
 0 lvc 0 V 224154 C 0 P 0 pc 0 v
l_or 0 vs 25
W (20:49:28.634) EDRV: hvc 0 nvc
 0 lvc 0 V 224154 C 0 P 0 pc 1 v
l_or 0 vs 25
W (20:49:29.134) EDRV: hvc 0 nvc
 0 lvc 0 V 224154 C 0 P 0 pc 2 v
l_or 0 vs 25
I (20:49:29.276) TDRV: Temp peri
odic tmr exp
W (20:49:29.278) O
ST: Temperature conv tmr Tmr Str
td Scsfly
I (20:49:29.312) QSND: INTF_MSG 
to 7 evnt 30 pld 0xff len(w) 0 c
tx 1 fre_req 0
W (20:49:29.312) SKT: Pwr Off S
tate_event rcvd e
vent=30
W (20:49:29.313) BLE: c
urr user count 1 index 0
W (20:
49:29.317) BLE: ble curr user co
unt 1 
W (20:49:29.321) LOCAL_S
SL: curr user count 0 index 0
W
 (20:49:29.321) TAG_INTF_MTRX: H
P_FR 94356 HP_L_FR 65536 ST_FR 8
184 ST-OCC 8 0 BLE_cnt 1 STA_cnt
 0 Remote_cnt 0
I (20:49:29.335) RLY:  temp rly ret var 0:0
W 
(20:49:29.339) EDRV: gl:VOLT=223
786
W (20:49:29.343) EX: TF: 0 
TZ: 19800 Sys_tm:1753303769
I (20:49:29.348) EX: get time GMT= 
1753283969
W (20:49:29.360) TDR
V: B_LUT=24.875000 A_LUT=24.8750
00
W (20:49:29.361) TDRV: p_tmp
1=24.875000 c_tmp1=24.875000 inv_cnt=0 prv_neg 0.000000
W (20:4
9:29.364) TDRV: p_tmp2=24.875000
 c_tmp2=24.875000
I (20:49:29.3
69) SKT: Gys_hdlr_ent_exit GCsta
te 2 UCstate 0 Event proc 30 fro
m intf 7
W (20:49:29.634) EDRV: hvc 0 nvc
 0 lvc 0 V 224154 C 0 P 0 pc 3 v
l_or 0 vs 25
W (20:49:30.036) TDRV: B_LUT=24.
937500 A_LUT=24.937500
W (20:49
:30.037) TDRV: p_tmp1=24.875000 
c_tmp1=24.937500 inv_cnt=0 prv_n
eg 0.000000
W (20:49:30.038) TD
RV: p_tmp2=24.937500 c_tmp2=24.9
37500
W (20:49:30.043) SWH: Tem
p conv cb Exe
W (20:49:30.046) 
SWH: Scs Val = 0 Read Sts = 0
W
 (20:49:30.050) SWH: Thres Comp 
Exe Gysr Temp State 42 Low Temp 
State 0
I (20:49:30.057) IDEC: 
conv check_flow_ste 38 temperatu
re 24 flow_pre_temp 0

I (20:49:30.064) IDEC: conv runtime_pre
_temp 0 temp_val 24.937500 inc_r
ate_status 4 dec_rate_status 0

W (20:49:30.073) IDEC: Decreas
e rate!

W (20:49:30.076) IDEC
: dec_flow_pre_temp == 0 tempera
ture == 24

W (20:49:30.134) EDRV: hvc 0 nvc
 0 lvc 0 V 224154 C 0 P 0 pc 4 v
l_or 0 vs 25
W (20:49:30.179) FDRV: flow_pls_
cnt ===0
W (20:49:30.179) FDRV:
 Total vol cons=0
W (20:49:30.634) EDRV: hvc 0 nvc
 0 lvc 0 V 217351 C 0 P 0 pc 5 v
l_or 0 vs 25
W (20:49:31.134) EDRV: hvc 0 nvc
 0 lvc 0 V 224895 C 0 P 0 pc 6 v
l_or 0 vs 25
I (20:49:31.276) TDRV: Temp peri
odic tmr exp
W (20:49:31.278) O
ST: Temperature conv tmr Tmr Str
td Scsfly
W (20:49:31.634) EDRV: hvc 0 nvc
 0 lvc 0 V 224895 C 0 P 0 pc 7 v
l_or 0 vs 25
W (20:49:32.036) TDRV: B_LUT=24.
875000 A_LUT=24.875000
W (20:49
:32.037) TDRV: p_tmp1=24.937500 
c_tmp1=24.875000 inv_cnt=0 prv_n
eg 0.000000
W (20:49:32.038) TD
RV: p_tmp2=24.875000 c_tmp2=24.8
75000
W (20:49:32.043) SWH: Tem
p conv cb Exe
W (20:49:32.046) 
SWH: Scs Val = 0 Read Sts = 0
W
 (20:49:32.050) SWH: Thres Comp 
Exe Gysr Temp State 42 Low Temp 
State 0
I (20:49:32.057) IDEC: 
conv check_flow_ste 38 temperatu
re 24 flow_pre_temp 0

I (20:4
9:32.064) IDEC: conv runtime_pre
_temp 0 temp_val 24.875000 inc_r
ate_status 4 dec_rate_status 0

W (20:49:32.073) IDEC: Decreas
e rate!

W (20:49:32.076) IDEC
: dec_flow_pre_temp == 0 temperature == 24

W (20:49:32.134) EDRV: hvc 0 nvc
 0 lvc 0 V 224895 C 0 P 0 pc 8 vl_or 0 vs 25
W (20:49:32.634) EDRV: hvc 0 nvc
 0 lvc 0 V 224154 C 0 P 0 pc 9 v
l_or 0 vs 25
W (20:49:32.846) EX: TF: 0 TZ: 1
9800 Sys_tm:1753303772
I (20:49
:32.846) EX: get time GMT= 1753283972
W (20:49:32.936) NVM: part erase
 scs
W (20:49:32.936) NVM: part
 erase restart
W (20:49:32.958) NVM: esp_part_w
rite scs
W (20:49:33.050) NVM: part erase
 scs
W (20:49:33.050) NVM: part
 erase restart
W (20:49:33.073) NVM: esp_part_w
rite scs
W (20:49:33.134) EDRV: hvc 0 nvc
 0 lvc 0 V 231792 C 0 P 0 pc 10 
vl_or 0 vs 25
W (20:49:33.179) FDRV: flow_pls_
cnt ===0
W (20:49:33.179) FDRV:
 Total vol cons=0
I (20:49:33.276) TDRV: Temp peri
odic tmr exp
W (20:49:33.278) O
ST: Temperature conv tmr Tmr Strtd Scsfly
W (20:49:33.634) EDRV: hvc 0 nvc
 0 lvc 0 V 224895 C 0 P 0 pc 0 v
l_or 0 vs 25
W (20:49:34.036) TDRV: B_LUT=24.875000 A_LUT=24.875000
W (20:49
:34.037) TDRV: p_tmp1=24.875000 
c_tmp1=24.875000 inv_cnt=0 prv_n
eg 0.000000
W (20:49:34.038) TDRV: p_tmp2=24.875000 c_tmp2=24.8
75000
W (20:49:34.043) SWH: Tem
p conv cb Exe
W (20:49:34.046) 
SWH: Scs Val = 0 Read Sts = 0
W
 (20:49:34.050) SWH: Thres Comp 
Exe Gysr Temp State 42 Low Temp 
State 0
I (20:49:34.057) IDEC: 
conv check_flow_ste 38 temperatu
re 24 flow_pre_temp 0

I (20:49:34.064) IDEC: conv runtime_pre
_temp 0 temp_val 24.875000 inc_r
ate_status 4 dec_rate_status 0

W (20:49:34.073) IDEC: Decreas
e rate!

W (20:49:34.076) IDEC
: dec_flow_pre_temp == 0 tempera
ture == 24

W (20:49:34.134) EDRV: hvc 0 nvc
 0 lvc 0 V 224895 C 0 P 0 pc 1 v
l_or 0 vs 25
I (20:49:34.312) QSND: INTF_MSG 
to 7 evnt 30 pld 0xff len(w) 0 c
tx 1 fre_req 0
W (20:49:34.312)
 SKT: Pwr Off State_event rcvd e
vent=30
W (20:49:34.313) BLE: c
urr user count 1 index 0
W (20:
49:34.317) BLE: ble curr user co
unt 1 
W (20:49:34.321) LOCAL_S
SL: curr user count 0 index 0
W (20:49:34.321) TAG_INTF_MTRX: H
P_FR 94356 HP_L_FR 65536 ST_FR 8
184 ST-OCC 8 0 BLE_cnt 1 STA_cnt
 0 Remote_cnt 0
I (20:49:34.335
) RLY:  temp rly ret var 0:0
W 
(20:49:34.339) EDRV: gl:VOLT=224
895
W (20:49:34.343) EX: TF: 0 
TZ: 19800 Sys_tm:1753303774
I (20:49:34.348) EX: get time GMT= 
1753283974
W (20:49:34.360) TDR
V: B_LUT=24.875000 A_LUT=24.8750
00
W (20:49:34.361) TDRV: p_tmp
1=24.875000 c_tmp1=24.875000 inv
_cnt=0 prv_neg 0.000000
W (20:4
9:34.364) TDRV: p_tmp2=24.875000
 c_tmp2=24.875000
I (20:49:34.3
69) SKT: Gys_hdlr_ent_exit GCsta
te 2 UCstate 0 Event proc 30 fro
m intf 7
W (20:49:34.634) EDRV: hvc 0 nvc
 0 lvc 0 V 224895 C 0 P 0 pc 2 v
l_or 0 vs 25
W (20:49:35.134) EDRV: hvc 0 nvc
 0 lvc 0 V 224895 C 0 P 0 pc 3 v
l_or 0 vs 25
I (20:49:35.276) TDRV: Temp peri
odic tmr exp
W (20:49:35.278) O
ST: Temperature conv tmr Tmr Strtd Scsfly
W (20:49:35.634) EDRV: hvc 0 nvc
 0 lvc 0 V 224895 C 0 P 0 pc 4 v
l_or 0 vs 25
W (20:49:36.036) TDRV: B_LUT=24.
875000 A_LUT=24.875000
W (20:49
:36.037) TDRV: p_tmp1=24.875000 
c_tmp1=24.875000 inv_cnt=0 prv_n
eg 0.000000
W (20:49:36.038) TD
RV: p_tmp2=24.875000 c_tmp2=24.8
75000
W (20:49:36.043) SWH: Tem
p conv cb Exe
W (20:49:36.046) 
SWH: Scs Val = 0 Read Sts = 0
W
 (20:49:36.050) SWH: Thres Comp Exe Gysr Temp State 42 Low Temp 
State 0
I (20:49:36.057) IDEC: 
conv check_flow_ste 38 temperatu
re 24 flow_pre_temp 0

I (20:4
9:36.064) IDEC: conv runtime_pre_temp 0 temp_val 24.875000 inc_r
ate_status 4 dec_rate_status 0

W (20:49:36.073) IDEC: Decreas
e rate!

W (20:49:36.076) IDEC: dec_flow_pre_temp == 0 tempera
ture == 24

W (20:49:36.134) EDRV: hvc 0 nvc
 0 lvc 0 V 224895 C 0 P 0 pc 5 v
l_or 0 vs 25
W (20:49:36.179) FDRV: flow_pls_
cnt ===0
W (20:49:36.179) FDRV:
 Total vol cons=0
W (20:49:36.634) EDRV: hvc 0 nvc
 0 lvc 0 V 224895 C 0 P 0 pc 6 v
l_or 0 vs 25
W (20:49:37.134) EDRV: hvc 0 nvc
 0 lvc 0 V 224895 C 0 P 0 pc 7 v
l_or 0 vs 25
I (20:49:37.276) TDRV: Temp peri
odic tmr exp
W (20:49:37.278) O
ST: Temperature conv tmr Tmr Strtd Scsfly
W (20:49:37.634) EDRV: hvc 0 nvc
 0 lvc 0 V 224895 C 0 P 0 pc 8 v
l_or 0 vs 25
W (20:49:38.036) TDRV: B_LUT=24.937500 A_LUT=24.937500
W (20:49
:38.037) TDRV: p_tmp1=24.875000 
c_tmp1=24.937500 inv_cnt=0 prv_n
eg 0.000000
W (20:49:38.038) TD
RV: p_tmp2=24.937500 c_tmp2=24.9
37500
W (20:49:38.043) SWH: Tem
p conv cb Exe
W (20:49:38.046) 
SWH: Scs Val = 0 Read Sts = 0
W
 (20:49:38.050) SWH: Thres Comp Exe Gysr Temp State 42 Low Temp 
State 0
I (20:49:38.057) IDEC: 
conv check_flow_ste 38 temperatu
re 24 flow_pre_temp 0

I (20:4
9:38.064) IDEC: conv runtime_pre
_temp 0 temp_val 24.937500 inc_r
ate_status 4 dec_rate_status 0

W (20:49:38.073) IDEC: Decreas
e rate!

W (20:49:38.074) EX: 
TF: 0 TZ: 19800 Sys_tm:175330377
8
W (20:49:38.076) IDEC: dec_fl
ow_pre_temp == 0 temperature == 
24

I (20:49:38.081) EX: get t
ime GMT= 1753283978
W (20:49:38.190) NVM: part erase
 scs
W (20:49:38.190) NVM: part
 erase restart
W (20:49:38.214) NVM: esp_part_w
rite scs
W (20:49:38.214) EDRV:
 hvc 0 nvc 0 lvc 0 V 224895 C 0 
P 0 pc 9 vl_or 0 vs 25
W (20:49:38.339) NVM: part erase
 scs
W (20:49:38.339) NVM: part
 erase restart
W (20:49:38.362) NVM: esp_part_w
rite scs
W (20:49:38.634) EDRV: hvc 0 nvc
 0 lvc 0 V 224895 C 0 P 0 pc 10 vl_or 0 vs 25
W (20:49:39.134) EDRV: hvc 0 nvc
 0 lvc 0 V 224154 C 0 P 0 pc 0 v
l_or 0 vs 25
W (20:49:39.179) FDRV: flow_pls_
cnt ===0
W (20:49:39.179) FDRV:
 Total vol cons=0
I (20:49:39.276) TDRV: Temp peri
odic tmr exp
W (20:49:39.278) O
ST: Temperature conv tmr Tmr Str
td Scsfly
I (20:49:39.312) QSND: INTF_MSG 
to 7 evnt 30 pld 0xff len(w) 0 c
tx 1 fre_req 0
W (20:49:39.312)
 SKT: Pwr Off State_event rcvd event=30
W (20:49:39.313) BLE: c
urr user count 1 index 0
W (20:
49:39.317) BLE: ble curr user co
unt 1 
W (20:49:39.321) LOCAL_S
SL: curr user count 0 index 0
W (20:49:39.321) TAG_INTF_MTRX: H
P_FR 94356 HP_L_FR 65536 ST_FR 8
184 ST-OCC 8 0 BLE_cnt 1 STA_cnt
 0 Remote_cnt 0
I (20:49:39.335
) RLY:  temp rly ret var 0:0
W 
(20:49:39.339) EDRV: gl:VOLT=224
154
W (20:49:39.343) EX: TF: 0 
TZ: 19800 Sys_tm:1753303779
I (
20:49:39.348) EX: get time GMT= 
1753283979
W (20:49:39.360) TDR
V: B_LUT=24.937500 A_LUT=24.9375
00
W (20:49:39.361) TDRV: p_tmp
1=24.937500 c_tmp1=24.937500 inv
_cnt=0 prv_neg 0.000000
W (20:4
9:39.364) TDRV: p_tmp2=24.937500
 c_tmp2=24.937500
I (20:49:39.3
69) SKT: Gys_hdlr_ent_exit GCsta
te 2 UCstate 0 Event proc 30 fro
m intf 7
W (20:49:39.634) EDRV: hvc 0 nvc
 0 lvc 0 V 224154 C 0 P 0 pc 1 vl_or 0 vs 25
W (20:49:40.036) TDRV: B_LUT=24.
875000 A_LUT=24.875000
W (20:49
:40.037) TDRV: p_tmp1=24.937500 
c_tmp1=24.875000 inv_cnt=0 prv_n
eg 0.000000
W (20:49:40.038) TD
RV: p_tmp2=24.875000 c_tmp2=24.8
75000
W (20:49:40.043) SWH: Tem
p conv cb Exe
W (20:49:40.046) 
SWH: Scs Val = 0 Read Sts = 0
W
 (20:49:40.050) SWH: Thres Comp 
Exe Gysr Temp State 42 Low Temp 
State 0
I (20:49:40.057) IDEC: 
conv check_flow_ste 38 temperatu
re 24 flow_pre_temp 0

I (20:4
9:40.064) IDEC: conv runtime_pre
_temp 0 temp_val 24.875000 inc_r
ate_status 4 dec_rate_status 0

W (20:49:40.073) IDEC: Decreas
e rate!

W (20:49:40.076) IDEC
: dec_flow_pre_temp == 0 tempera
ture == 24

W (20:49:40.134) EDRV: hvc 0 nvc
 0 lvc 0 V 224154 C 0 P 0 pc 2 v
l_or 0 vs 25
W (20:49:40.634) EDRV: hvc 0 nvc
 0 lvc 0 V 225268 C 0 P 0 pc 3 v
l_or 0 vs 25
W (20:49:41.134) EDRV: hvc 0 nvc
 0 lvc 0 V 224895 C 0 P 0 pc 4 v
l_or 0 vs 25
I (20:49:41.276) TDRV: Temp peri
odic tmr exp
W (20:49:41.278) O
ST: Temperature conv tmr Tmr Str
td Scsfly
W (20:49:41.634) EDRV: hvc 0 nvc
 0 lvc 0 V 224895 C 0 P 0 pc 5 v
l_or 0 vs 25
W (20:49:42.036) TDRV: B_LUT=25.000000 A_LUT=25.000000
W (20:49
:42.036) TDRV: p_tmp1=24.875000 
c_tmp1=25.000000 inv_cnt=0 prv_n
eg 0.000000
W (20:49:42.038) TD
RV: p_tmp2=25.000000 c_tmp2=25.0
00000
W (20:49:42.043) SWH: Tem
p conv cb Exe
W (20:49:42.046) 
SWH: Scs Val = 0 Read Sts = 0
W
 (20:49:42.050) SWH: Thres Comp 
Exe Gysr Temp State 42 Low Temp State 0
I (20:49:42.057) IDEC: 
conv check_flow_ste 38 temperatu
re 25 flow_pre_temp 0

I (20:4
9:42.064) IDEC: conv runtime_pre
_temp 0 temp_val 25.000000 inc_rate_status 4 dec_rate_status 0

W (20:49:42.073) IDEC: Decreas
e rate!

W (20:49:42.076) IDEC
: dec_flow_pre_temp == 0 tempera
ture == 25

W (20:49:42.134) EDRV: hvc 0 nvc
 0 lvc 0 V 224895 C 0 P 0 pc 6 v
l_or 0 vs 25
W (20:49:42.179) FDRV: flow_pls_
cnt ===0
W (20:49:42.179) FDRV:
 Total vol cons=0
I (20:49:42.289) BLE: data rcvd 
short write
W (20:49:42.290) OS
T: ping_not_tmr Tmr Strtd Scsfly

I (20:49:42.290) BLE: ping_tmr
_strtd
I (20:49:42.290) MDEC: r
x_len 24
I (20:49:42.293) IERR:
 sync byte matched 0x3ffe593e
W
 (20:49:42.298) MDEC: frame_len=
24
W (20:49:42.301) IINFO: tota
l len 24 proc len 24
W (20:49:4
2.305) MDEC: full frame rcvd
W 
(20:49:42.305) IINFO: rcvd_frm 1
1 num_msg 1 trn_id 7 ack_req 1 f
rm_len 24 sec_mod 1
W (20:49:42
.316) IINFO: ack_resp intf 11 tr
ans 7
I (20:49:42.321) TXTH: tr
ans_id 0 pld_len 8 intf 11 msg_t
ype 0 pr_snt_scs 85
E (20:49:42
.328) IERR: WSS_NCNT
W (20:49:4
2.328) IMSG: rcvd_msg intf 11 ms
g_id 11 msg_len 4 msg_type 1
W 
(20:49:42.330) BLE: mtu 253
W (
20:49:42.337) IMSG: Msg pld:1
I
 (20:49:42.339) BLE: payld_len 8

W (20:49:42.342) IMSG: ftry rst type 1

I (20:49:42.345) BLE
: iteration 1
I (20:49:42.349) 
QSND: INTF_MSG to 8 evnt 11 pld 
0x3ffd86e0 len(w) 1 ctx 0 fre_re
q 1
W (20:49:42.352) OST: gatts
_config_tmr Tmr Strtd Scsfly
I 
(20:49:42.360) MDEC: no flow con
trol
I (20:49:42.364) BLE: conf
ig tmr uptd strt
W (20:49:42.364) MSH: event_num=11
W (20:49:4
2.373) BLE: ESP_GATTS_CONF_EVT, 
status = 0
W (20:49:42.375) MSH
: wifi ble msg hdlr rcvd event=1
1
W (20:49:42.380) OST: gatts_c
onfig_tmr,Tmr Stpd Scsfly
I (20
:49:42.384) MSH: reset_data=1
I
 (20:49:42.389) BLE: gatts confi
g tmr stpd
W (20:49:42.392) SKT
: Factory Reset Func initiated
W (20:49:42.401) OST: Periodic N
otify Timer,Tmr Stpd Scsfly
W (
20:49:42.406) OST: PARTIAL_WRITE,Tmr is not active,Failed Stop
W (20:49:42.634) EDRV: hvc 0 nvc
 0 lvc 0 V 224895 C 0 P 0 pc 7 v
l_or 0 vs 25
W (20:49:43.134) EDRV: hvc 0 nvc
 0 lvc 0 V 224524 C 0 P 0 pc 8 v
l_or 0 vs 25
I (20:49:43.276) TDRV: Temp peri
odic tmr exp
W (20:49:43.278) O
ST: Temperature conv tmr Tmr Str
td Scsfly
W (20:49:43.362) EX: TF: 0 TZ: 1
9800 Sys_tm:1753303783
I (20:49
:43.362) EX: get time GMT= 17532
83983
I (20:49:43.461) RLY:  temp rly 
ret var 0:0
W (20:49:43.461) NV
M: part erase scs
W (00:00:00.0
00) SKT: FR Sec 1577836800 LT 15
77836800
W (00:00:00.000) NVM: 
part erase restart
W (00:00:00.025) NVM: esp_part_w
rite scs
W (00:00:00.143) NVM: part erase
 scs
W (00:00:00.143) NVM: part
 erase restart
W (00:00:00.166) NVM: esp_part_w
rite scs
W (00:00:00.232) EDRV: hvc 0 nvc
 0 lvc 0 V 224895 C 0 P 0 pc 9 v
l_or 0 vs 25
W (00:00:00.232) N
VM: part erase scs
W (00:00:00.
2
33) NVM: part erase restart
W (00:00:00.234) BLE: ESP_GATTS_DI
SCONNECT_EVT, reason = 19 92308 
65536
W (00:00:00.238) NVM: esp
_part_write scs
I (00:00:00.241
) BLE_COMP: 7d 44 69 a7 11 b2 
W (00:00:00.249) BLE: disconnect
ed sts ble_conn 0, ble_count 1  
256
W (00:00:00.254) SKT: Reset Count = 327
W 
(00:00:00.255) ECY: connected st
s : 1 0 11 0
W (00:00:00.360) N
VM: part erase scs
W (00:00:00.
360) NVM: part erase restart
W (00:00:
00.360) MENC: cstart:328 cstop:3
90 totcon:62

W (00:00:00.382)
 NVM: esp_part_write scs
W (00:00:00.494) NVM: part erase
 scs
W (00:00:00.495) NVM: part
 erase restart
W (00:00:00.517) NVM: esp_part_write scs
W (00:00:00.517) SKT: 
Lv 160 Hv= 275 pv 180 ed 0
W (0
0:00:00.517) MENC: connec sts 0
I (00:00:00.517) led: B_Led Pin
 Slctd
W (00:00:00.520) OST: B 
Blink Prd Led Tmr,Tmr is not act
ive,Failed Stop
W (00:00:00.527
) OST: Time Out Led Tmr,Tmr is n
ot active,Failed Stop
I (00:00:00.533) led: off done
W (00:00:
00.535) led: LED OFF
I (00:00:0
0.538) QSND: INTF_MSG to 7 evnt 
1 pld 0xb len(w) 0 ctx 0 fre_req
 0
W (00:00:00.545) IMTRX: TX i
ntf:11 scs_cnt :85 fail_cnt :0
W (00:00:00.545) SKT: Pwr Off St
ate_event rcvd event=1
W (00:00
:00.550) IMTRX: RX intf:11 trans
_cnt:38 sync_err_cnt:0 chk_sum_e
rr_cnt:0 vld_frm_cnt:66
I (00:0
0:00.555) CEH: common events =1
I (00:00:00.563) TMRM: tmr crt_
scs:56 crt_fl:0 up_scs:349 up_fl
:0,
W (00:00:00.567) CEH: conn_
no_rcvd 11 bit_map_connection_st
s 0 recv_dat 11
W (00:00:00.575
) TDRV: B_LUT=24.937500 A_LUT=24
.937500
I (00:00:00.575) TMRM: 
tmr st_scs:105 st_fl:0 dl_scs:4 
dl_fl:0,
W (00:00:00.584) TDRV:
 p_tmp1=25.000000 c_tmp1=24.9375
00 inv_cnt=0 prv_neg 0.000000
I
 (00:00:00.590) TMRM: Mem crt_sc
s:404 crt_fl:0 fre_scs:403 fre_f
l:0,
W (00:00:00.597) TDRV: p_tmp2=24.937500 c_tmp2=24.937500
W (00:00:00.603) BLE: ble max in
terface 6
W (00:00:00.609) SWH:
 Temp conv cb Exe
W (00:00:00.6
12) BLE: ble_conn 255, ble_count
 0  23
W (00:00:00.616) SWH: Sc
s Val = 0 Read Sts = 0
W (00:00
:00.620) BLE: ble curr user coun
t 0 
W (00:00:00.624) SWH: Thre
s Comp Exe Gysr Temp State 42 Lo
w Temp State 0
I (00:00:00.628)
 BLE: PING_TMR_STOP
I (00:00:00
.635) IDEC: conv check_flow_ste 
38 temperature 24 flow_pre_temp 
0

W (00:00:00.638) OST: ping_
not_tmr,Tmr Stpd Scsfly
I (00:0
0:00.645) IDEC: conv runtime_pre
_temp 0 temp_val 24.937500 inc_rate_status 4 dec_rate_status 0

W (00:00:00.649) BLE: ble curr
 user count 0 
W (00:00:00.659)
 IDEC: Decrease rate!

W (00:0
0:00.663) OST: con_check_tmr Tmr
 Strtd Scsfly
W (00:00:00.666) 
IDEC: dec_flow_pre_temp == 0 tem
perature == 24

I (00:00:00.67
1) BLE: con_chk_tmr_strtd
W (00
:00:00.671) CEH: reset DC fla
gs
W (00:00:00.680) BLE: advertisi
ng 
W (00:00:00.684) OST: Perio
dic Notify Timer,Tmr is not acti
ve,Failed Stop
W (00:00:00.693)
 BLE: advrtsng start scsfly
W (
00:00:00.696) EDRV: hvc 0 nvc 0 
lvc 0 V 223786 C 0 P 0 pc 10 vl_
or 0 vs 25
I (00:00:00.696) SKT
: Gys_hdlr_ent_exit GCstate 2 UC
state 0 Event proc 1 from intf 7

W (00:00:01.172) EDRV: hvc 0 nvc
 0 lvc 0 V 223786 C 0 P 0 pc 0 vl_or 0 vs 25
ets Jun  8 2016 00:22:57

rst:
0xc (SW_CPU_RESET),boot:0x17 (SP
I_FAST_FLASH_BOOT)
configsip: 0, SPIWP:0xee
clk_drv:0x00,q_drv
:0x00,d_drv:0x00,cs0_drv:0x00,hd
_drv:0x00,wp_drv:0x00
mode:DIO,
 clock div:2
load:0x3fff0030,le
n:5880
load:0x40078000,len:1433
2
ho 0 tail 12 room 4
load:0x4
0080400,len:3688
entry 0x400806
78
I (29) boot: ESP-IDF -129-NOTFOU
ND 2nd stage bootloader
I (29) 
boot: compile time 21:45:41
I (
29) boot: chip revision: 1
I (2
9) boot.esp32: SPI Speed      : 
40MHz
I (33) boot.esp32: SPI Mo
de       : DIO
I (37) boot.esp3
2: SPI Flash Size : 4MB
I (40) 
boot: Enabling RNG early entropy
 source...
I (45) boot: Partiti
on Table:
I (47) boot: ## Label
            Usage          Type 
ST Offset   Length
I (54) boot:
  0 nvs              WiFi data  
      01 02 00009000 00006000
I
 (60) boot:  1 phy_init         
RF data          01 01 0000f000 
00001000
I (67) boot:  2 nvm_da
ta_1       Unknown data     01 8
1 00010000 00001000
I (73) boot
:  3 nvm_data_2       Unknown da
ta     01 81 00011000 00001000
I (80) boot:  4 nvm_rd_only     
 Unknown data     01 81 00012000
 00001000
I (86) boot:  5 otadata          OTA data         01 
00 00013000 00002000
I (93) boo
t:  6 ota_0            OTA app  
        00 10 00020000 001c2000
I (99) boot:  7 ota_1          
  OTA app          00 11 001f000
0 001c2000
I (106) boot: End of
 partition table
E (109) boot: 
ota data partition invalid and no factory, will try all partitio
ns
I (116) esp_image: segment 0
: paddr=00020020 vaddr=3f400020 
size=49380h (299904) map
I (237) esp_image: segment 1: pa
ddr=000693a8 vaddr=3ffbdb60 size
=05b60h ( 23392) load
I (247) esp_image: segment 2: pa
ddr=0006ef10 vaddr=40080000 size
=01108h (  4360) load
I (249) e
sp_image: segment 3: paddr=00070
020 vaddr=400d0020 size=11f33ch 
(1176380) map
I (695) esp_image: segment 4: pa
ddr=0018f364 vaddr=40081108 size
=186f8h (100088) load
I (738) esp_image: segment 5: pa
ddr=001a7a64 vaddr=50000000 size
=00010h (    16) load
I (752) boot: Loaded app from pa
rtition at offset 0x20000
I (75
2) boot: Disabling RNG early ent
ropy source...
I (762) cpu_start: Pro cpu up.
I (762) cpu_start: Starting app 
cpu, entry point is 0x400815d8
I (748) cpu_start: App cpu up.
I (776) cpu_start: Pro cpu start
 user code
I (776) cpu_start: c
pu freq: 240000000
I (776) cpu_
start: Application information:
I (777) cpu_start: Project name
:     sm_skt_dev
I (782) cpu_st
art: App version:      0.9
I (7
85) cpu_start: ELF file SHA256: 
 0d7c9ff57d7ca13d...
I (790) cp
u_start: ESP-IDF:          -129-
NOTFOUND
I (795) heap_init: Ini
tializing. RAM available for dyn
amic allocation:
I (801) heap_i
nit: At 3FFAFF10 len 000000F0 (0
 KiB): DRAM
I (806) heap_init: 
At 3FFB6388 len 00001C78 (7 KiB)
: DRAM
I (811) heap_init: At 3F
FB9A20 len 00004108 (16 KiB): DR
AM
I (817) heap_init: At 3FFD6E
18 len 000091E8 (36 KiB): DRAM
I (822) heap_init: At 3FFE0440 l
en 00003AE0 (14 KiB): D/IRAM
I 
(827) heap_init: At 3FFE4350 len
 0001BCB0 (111 KiB): D/IRAM
I (
833) heap_init: At 40099800 len 
00006800 (26 KiB): IRAM
I (839)
 spi_flash: detected chip: gener
ic
I (842) spi_flash: flash io:
 dio
I (845) esp_core_dump_uart
: Init cI (00:00:02.317) OSS: log_sem Semaphore creation Scs
I 
(00:00:02.317) OSS: end_idx_sem 
Semaphore creation Scs
I (00:00
:02.317) NVM: nvm_para_init
I (
00:00:02.319) OSS: NVM_SEM Semap
hore creation Scs
I (00:00:02.3
23) NVM: Chksum 3620 nvm ch 3624

W (00:00:02.328) NVM: add=1000
0 nvm_lbl nvm_data_1  3620 chsmp
os 328
I (00:00:02.334) NVM: si
ze=1000
W (00:00:02.336) NVM: p
art rd scs
I (00:00:02.340) NVM
: part rd scs
E (00:00:02.342) 
NVM: Retrived Magic num from NVM
  == 173
E (00:00:02.348) NVM: 
Retrived NVM ver from NVM  == 1
I (00:00:02.352) NVM: rw_ver_up
d 1
W (00:00:02.356) NVM: nvm d
t rd SKT_NVM_VERSION scs nvm_dat
a_1
W (00:00:02.361) NVM: nvm r
d checksum=6BB2D518 32 cchk 6BB2
D518
W (00:00:02.367) NVM: nvm 
dt rd checksum scs nvm_data_1
W
 (00:00:02.372) NVM: add=11000 n
vm_lbl nvm_data_2  3620 chsmpos 
328
I (00:00:02.378) NVM: size=
1000
W (00:00:02.381) NVM: part
 rd scs
I (00:00:02.384) NVM: p
art rd scs
E (00:00:02.387) NVM
: Retrived Magic num from NVM  =
= 173
E (00:00:02.392) NVM: Ret
rived NVM ver from NVM  == 1
I 
(00:00:02.397) NVM: rw_ver_upd 1

W (00:00:02.400) NVM: nvm dt r
d SKT_NVM_VERSION scs nvm_data_2

W (00:00:02.405) NVM: nvm rd c
hecksum=6BB2D518 32 cchk 6BB2D51
8
W (00:00:02.411) NVM: nvm dt 
rd checksum scs nvm_data_2
I (0
0:00:02.416) NVM: part_1 part rd scs
I (00:00:02.419) NVM:  par
t_2  rd scs
W (00:00:02.423) NV
M: part_1_sts 0 part_2_sts 0
W 
(00:00:02.427) NVM: vld nvm_dt_1
 copied to RAM
I (00:00:02.431) NVM: cpy_part_dt_to_ram buf_len
 3620
I (00:00:02.437) NVM: par
t rd scs
W (00:00:02.439) NVM: 
add=12000 nvm_lbl nvm_rd_only  1
024 chsmpos 97
I (00:00:02.445)
 NVM: size=1000
W (00:00:02.448
) NVM: part rd scs
I (00:00:02.
451) NVM: part rd scs
E (00:00:
02.454) NVM: Retrived Magic num 
from NVM  == 173
E (00:00:02.45
9) NVM: Retrived NVM ver from NV
M  == 2
I (00:00:02.464) NVM: r
o_ver_upd 2
E (00:00:02.467) NVM: nvm rd invld version err nvm_
rd_only
W (00:00:02.473) NVM: n
vm rd checksum=2E661AC9 32 cchk 
2E661AC9
W (00:00:02.478) NVM: 
nvm dt rd checksum scs nvm_rd_on
ly
I (00:00:02.483) NVM: part_3
 part rd scs
I (00:00:02.487) N
VM: cpy_part_dt_to_ram buf_len 1
024
I (00:00:02.492) NVM: part rd scs
W (00:00:02.495) MENC: C
SK 0
I (00:00:02.497) MENC: nvm
 ro chksm scs 0
W (00:00:02.501
) MENC: Ser num =SMZ00020250722K
I
W (00:00:02.505) OST: Up_time
_timer Tmr creation Scs
W (00:0
0:02.510) OST: Up_time_timer Tmr
 Strtd Scsfly
I (00:00:02.515) 
CEH: Device ble name 11 iinv_sma
zer 

I (00:00:02.520) CEH: AP
_PROVISION NAME IN BLE iinv_smaz
er 11
I (00:00:02.525) CEH: Dev
ice name iinv_smazer

W (00:00:02.633) NVM: part erase
 scs
W (00:00:02.633) NVM: part
 erase restart
W (00:00:02.655) NVM: esp_part_w
rite scs
W (00:00:02.766) NVM: part erase
 scs
W (00:00:02.766) NVM: part
 erase restart
W (00:00:02.788) NVM: esp_part_w
rite scs
I (00:00:02.788) TAG_G
EYSER: HDWRE 1 CNGE
W (00:00:02
.789) AP_MN: HWD_TYP 1 HW_VER 6 
SW_VER 0
W (00:00:02.789) AP_MN
: rly_gio 27 rld 22 gld 23 bld 2
6 rly_off_ste_tmr 300 rly_on_off
_time 1000 rly_off_on_time 1000 
rly_on_ste_tmr600
W (00:00:02.8
01) AP_MN: btn_gio 34 btn_glt 50

I (00:00:02.805) AP_MN: flw_gi
o 4 flw_ltr_cnt 553
W (00:00:02
.810) AP_MN: temp_gpio 13
I (00
:00:02.813) NVM: RO_NVM_VER 2
W (00:00:02.816) AP_MN: enrgy_cal
i_mode 0
W (00:00:02.820) AP_MN
: cf_gio 35 cf1_gio 36 sel_gio 1
2
W (00:00:02.825) AP_MN: curr 
10609 volt 136062 pwr 1546092
I
 (00:00:02.830) OST: mem alloc s
ize is unalgnd 23
W (00:00:02.8
34) AP_MN: Time_changes
W (00:0
0:02.838) AP_MN: var1: 429496729
5
W (00:00:02.841) AP_MN: var2:
 38972
W (00:00:02.845) AP_MN: 
var3: 17114
W (00:00:02.848) AP
_MN: var4: 7569
W (00:00:02.851
) AP_MN: var5: 4850
W (00:00:02
.854) AP_MN: var6: 3348
W (00:0
0:02.857) AP_MN: var7: 2301
W (
00:00:02.860) AP_MN: var8: 1699
W (00:00:02.863) AP_MN: var9: 1236
W (00:00:02.867) AP_MN: var
10: 1122
W (00:00:02.870) AP_MN
: var11: 698
I (00:00:02.875) g
pio: GPIO[12]| InputEn: 0| OutputEn: 1| OpenDrain: 0| Pullup: 0|
 Pulldown: 0| Intr:0 
W (00:00:
02.882) OST: power_meter_timer T
mr creation Scs
I (00:00:02.887) NVM: RO_NVM_VER 2

I (00:00:02
.890) PWRM: time val in lut -1
I (00:00:02.894) PWRM: time val 
in lut 38972
I (00:00:02.898) P
WRM: time val in lut 17114
I (0
0:00:02.902) PWRM: time val in l
ut 7569
I (00:00:02.906) PWRM: 
time val in lut 4850
I (00:00:0
2.910) PWRM: time val in lut 334
8
I (00:00:02.914) PWRM: time v
al in lut 2301
I (00:00:02.918)
 PWRM: time val in lut 1699
I (
00:00:02.921) PWRM: time val in 
lut 1236
I (00:00:02.925) PWRM:
 time val in lut 1122
I (00:00:
02.929) PWRM: time val in lut 69
8
I (00:00:02.933) PWRM: time v
al not in lut  -1
I (00:00:02.9
37) PWRM: time val not in lut  3
8972
I (00:00:02.942) PWRM: tim
e val not in lut  17114
I (00:0
0:02.946) PWRM: time val not in 
lut  7569
I (00:00:02.950) PWRM: time val not in lut  4850
I (
00:00:02.955) PWRM: time val not
 in lut  3348
I (00:00:02.959) 
PWRM: time val not in lut  2301
I (00:00:02.963) PWRM: time val
 not in lut  1699
I (00:00:02.9
68) PWRM: time val not in lut  1
236
I (00:00:02.972) PWRM: time
 val not in lut  1122
I (00:00:
02.976) PWRM: time val not in lu
t  698
I (00:00:02.981) NVM: ro
_ver_upd 2
I (00:00:02.984) NVM
: RO_NVM_VER 2
I (00:00:02.987)
 OST: mem alloc size is unalgnd 
33
I (00:00:02.992) PWRM: Energ
y_lut_value 846623
I (00:00:02.
996) PWRM: ref_val_ver_3_new_nvm
  846623
I (00:00:03.000) PWRM:
 ref_val_ver_3_new_nvm  1297104
I (00:00:03.005) PWRM: ref_val_
ver_3_new_nvm  1370592
I (00:00
:03.010) PWRM: ref_val_ver_3_new_nvm  1406600
I (00:00:03.015) 
PWRM: ref_val_ver_3_new_nvm  126
4270
I (00:00:03.019) PWRM: ref
_val_ver_3_new_nvm  1275400
I (
00:00:03.024) PWRM: ref_val_ver_
3_new_nvm  1283335
I (00:00:03.
029) PWRM: ref_val_ver_3_new_nvm
  1289928
I (00:00:03.034) PWRM
: ref_val_ver_3_new_nvm  1286505

I (00:00:03.039) PWRM: ref_val
_ver_3_new_nvm  1289693
I (00:0
0:03.043) PWRM: ref_val_ver_3_ne
w_nvm  1274147
I (00:00:03.048)
 GDRV: cf_gpio 35 cf1_gpio 36 se
l_gpio 12
I (00:00:03.053) GDRV
: pwr_ref_param 1546092 vol_ref_
param 136062 curr_ref_param 1060
9
I (00:00:03.061) gpio: GPIO[2
7]| InputEn: 1| OutputEn: 1| Ope
nDrain: 0| Pullup: 0| Pulldown: 
0| Intr:2 
I (00:00:03.070)  DR
V_GPIO: rly_gpio 27
I (00:00:03
.074) DRV_GPIO: rly_off_ste_tmr 
300 rly_on_off_tmr 1000 rly_off_
on_tmr 1000 rly_on_ste_tmr 600
I (00:00:03.083) gpio: GPIO[22]|
 InputEn: 0| OutputEn: 1| OpenDr
ain: 0| Pullup: 1| Pulldown: 0| 
Intr:0 
I (00:00:03.092) gpio: 
GPIO[23]| InputEn: 0| OutputEn: 
1| OpenDrain: 0| Pullup: 1| Pull
down: 0| Intr:0 
I (00:00:03.10
1) DRV_GPIO: r_led 22 g_led 23
W (00:00:03.105) OST: btn_rls_tm
r Tmr creation Scs
W (00:00:03.
110) OST: btn_push_tmr Tmr creat
ion Scs
I (00:00:03.114) gpio: 
GPIO[34]| InputEn: 1| OutputEn: 
0| OpenDrain: 0| Pullup: 1| Pull
down: 0| Intr:3 
I (00:00:03.12
3) GDRV: btn_glitch 50
W (00:00
:03.127) OST: btn_rls_tmr Tmr St
rtd Scsfly
W (00:00:03.131) OST
: btn_press_tmr Tmr creation Scs

W (00:00:03.136) OST: btn_pres
s_tmr Tmr creation Scs
W (00:00
:03.140) OST: btn_press_tmr Tmr 
creation Scs
W (00:00:03.145) O
ST: btn_press_tmr Tmr creation S
cs
W (00:00:03.150) OST: btn_pr
ess_tmr Tmr creation Scs
W (00:
00:03.155) OST: btn_press_tmr Tm
r creation Scs
I (00:00:03.159)
 gpio: GPIO[26]| InputEn: 1| Out
putEn: 1| OpenDrain: 0| Pullup: 
0| Pulldown: 0| Intr:0 
W (00:0
0:03.168) OST: B Blink Prd Led T
mr Tmr creation Scs
W (00:00:03
.174) OST: R Blink Prdc Led Tmr 
Tmr creation Scs
W (00:00:03.17
6) OST: btn_rls_tmr,Tmr is not a
ctive,Failed Stop
W (00:00:03.1
84) OST: btn_press_tmr,Tmr is no
t active,Failed Stop
W (00:00:0
3.190) OST: btn_press_tmr,Tmr is
 not active,Failed Stop
W (00:0
0:03.196) OST: btn_press_tmr,Tmr
 is not active,Failed Stop
W (0
0:00:03.202) OST: btn_press_tmr,
Tmr is not active,Failed Stop
W
 (00:00:03.208) OST: btn_press_t
mr,Tmr is not active,Failed Stop

W (00:00:03.214) OST: btn_pres
s_tmr,Tmr is not active,Failed S
top
W (00:00:03.219) OST: Conn 
Prd Led Tmr Tmr creation Scs
W 
(00:00:03.224) OST: Time Out Led
 Tmr Tmr creation Scs
W (00:00:
03.229) GDRV: b_led 26 ,r_led 22

I (00:00:03.233) SKT: Calibrat
ion_mode 0
W (00:00:03.237) OST
: Conn Prd Led Tmr,Tmr is not ac
tive,Failed Stop
I (00:00:03.24
3) gpio: GPIO[4]| InputEn: 1| Ou
tputEn: 0| OpenDrain: 0| Pullup:
 0| Pulldown: 1| Intr:1 
W (00:
00:03.252) GDRV: flow_gpio 4 flo
w_litre_count 553
I (00:00:03.257) gpio: GPIO[13]| InputEn: 1| 
OutputEn: 0| OpenDrain: 0| Pullu
p: 1| Pulldown: 0| Intr:0 
I (0
0:00:03.266) GDRV: temp_gpio 13
I (00:00:03.269) SKT: Calibrati
on_mode 0
W (00:00:03.273) MENC
: SW_VER 23 HW_VER 2 fty_det.sfw
_major_vsn 2 sfw_minor_vsn 3
W 
(00:00:03.280) MENC:  hw_mjr_vsn
 0 hw_mnr_vsn 6  sw_build_num 71
 hw_ty 1
I (00:00:03.287) AP_MN
: Hardware mode
W (00:00:03.290
) AP_MN: Serial num = SMZ0002025
0722KI
W (00:00:03.295) AP_MN: REV_NUMR :- 20380
I (00:00:03.2
98) OSS: frame_tx Semaphore crea
tion Scs
W (00:00:03.327) AP_MN: Wdt_fl_e
n
E (00:00:03.328) PC: pairing 
wifi_router password
I (00:00:0
3.328) PC: pairing wifi_router S
SID: password:
I (00:00:03.329)
 PC: pairing wifi_router SSID: p
assword:
W (00:00:03.334) PC: r
outer mac 0
W (00:00:03.337) PC
: router mac 0
W (00:00:03.340)
 PC: router mac 0
W (00:00:03.3
43) PC: router mac 0
W (00:00:0
3.346) PC: router mac 0
W (00:0
0:03.349) PC: router mac 0
W (0
0:00:03.352) WAPSTA: set_local_m
ac_addr success 0 
W (00:00:03
.357) WAPSTA: set_local_mac_addr
 success 0 
W (00:00:03.362) W
APSTA: set_local_mac_addr succes
s 0 
W (00:00:03.367) WAPSTA: 
set_local_mac_addr success 0 
W (00:00:03.372) WAPSTA: set_loc
al_mac_addr success 0 
W (00:0
0:03.377) WAPSTA: set_local_mac_
addr success 0 
I (00:00:03.38
2) PC: pairing read wifi_init_so
ftap SSID: password: nvm ssid :i
inv_smazer
I (00:00:03.390) PC:
 pairing read wifi_init_softap S
SID:iinv_smazer password:mypassw
ord
I (00:00:03.397) SKT: Calib
ration_mode 0
I (00:00:03.401) 
PC: read ble name=iinv_smazer
I
 (00:00:03.405) PC: ble_adv= gys
-dvc-1 strlen= zu
I (00:00:03.4
10) CEH: prime mode 0 srvr type 
0
I (00:00:03.414) PC: mdns dat
a=
I (00:00:03.417) PC: mdns da
ta=esp32-mdns
I (00:00:03.420) 
PC: read connectivity_mode_statu
s=0
I (00:00:03.425) CEH: wifi_
ap_mode=0
I (00:00:03.428) CEH:
 wifi_sta_mode=0
I (00:00:03.432) CEH: wifi_ap_sta_mode=0
I (0
0:00:03.435) CEH: ble=0
E (00:0
0:03.438) WDT: dev reset reason 
3
W (00:00:03.442) WDT: NVM tim
e_zone 0
W (00:00:03.445) EX: T
F: 0 TZ: 0 Sys_tm:1577836803
I 
(00:00:03.450) EX: get time GMT=
 1577836803
W (00:00:03.454) WD
T: rtc time 1577836803
W (00:00
:03.460) EX: TF: 0 TZ: 0 Sys_tm:
1577836803
I (00:00:03.462) EX:
 get time GMT= 1577836803
W (00
:00:03.466) EX: bf_rst_time 0 af
_rst_time 1577836803 ret 3
W (0
0:00:03.472) EX: Upd_time_af_rst
= 2
W (00:00:03.475) EX: SET_TI
ME:2

W (00:00:02.000) OFL: cu
rrt_cnt_init=0
W (00:00:02.003)
 OFL: Least_idx_init=0
W (00:00
:02.006) OFL: Read_current_cnt_i
nit=0
W (00:00:02.011) OFL: Rol
bck_flag_init=0
W (00:00:02.014
) OFL: Time_stamp_nit=0
W (00:0
0:02.018) IINFO: NO_Partial_ses_
hapnd
I (00:00:02.022) QSND: IN
TF_MSG to 7 evnt 13 pld 0 len(w) 0 ctx 0 fre_req 0
I (00:00:02.
028) EX: 0
W (00:00:02.030) OST
: alarm_timer Tmr creation Scs
W (00:00:02.035) ALRM: 0
W (00:
00:02.037) ALRM: 0
W (00:00:02.
039) ALRM: 0
W (00:00:02.042) A
LRM: 0
W (00:00:02.044) ALRM: 0

W (00:00:02.046) ALRM: 0
W (0
0:00:02.048) ALRM: 0
W (00:00:0
2.051) ALRM: 0
W (00:00:02.053)
 ALRM: 0
W (00:00:02.055) ALRM:
 0
W (00:00:02.057) ALRM: 0
W 
(00:00:02.060) ALRM: 0
W (00:00
:02.062) ALRM: 0
W (00:00:02.06
4) ALRM: 0
W (00:00:02.067) ALR
M: 0
W (00:00:02.069) ALRM: 0
W (00:00:02.071) ALRM: alarm_use
d_cnt 0
W (00:00:02.075) ALRM: 
No alarm schedule found
W (00:0
0:02.079) ALRM: sorted list coun
t 0
W (00:00:02.083) EX: TF: 0 
TZ: 0 Sys_tm:2
I (00:00:02.086)
 EX: get time GMT= 2
W (00:00:0
2.090) EX: TF: 0 TZ: 0 Sys_tm:2
I (00:00:02.093) EX: get time G
MT= 2
I (00:00:02.097) AID: rea
d_app_key_info_from_nvm
I (00:0
0:02.101) OST: mem alloc size is
 unalgnd 10
W (00:00:02.106) AI
D: app id read i 0 ptr=0 ptr_tk 
0 ptr_ts 0 auth_vfy 0
W (00:00:
02.112) AID: app id read i 1 ptr
=0 ptr_tk 0 ptr_ts 0 auth_vfy 0
W (00:00:02.118) AID: app id re
ad i 2 ptr=0 ptr_tk 0 ptr_ts 0 a
uth_vfy 0
W (00:00:02.125) AID: app id read i 3 ptr=0 ptr_tk 0 
ptr_ts 0 auth_vfy 0
W (00:00:02
.131) AID: app id read i 4 ptr=0
 ptr_tk 0 ptr_ts 0 auth_vfy 0
W
 (00:00:02.138) AID: app id read
 i 5 ptr=0 ptr_tk 0 ptr_ts 0 aut
h_vfy 0
W (00:00:02.144) AID: a
pp id read i 6 ptr=0 ptr_tk 0 pt
r_ts 0 auth_vfy 0
W (00:00:02.1
50) AID: app id read i 7 ptr=0 p
tr_tk 0 ptr_ts 0 auth_vfy 0
W (
00:00:02.157) AID: app id read i
 8 ptr=0 ptr_tk 0 ptr_ts 0 auth_
vfy 0
W (00:00:02.163) AID: app
 id read i 9 ptr=0 ptr_tk 0 ptr_
ts 0 auth_vfy 0
W (00:00:02.170
) AID: read current_range_app_id
 0 vrfy_sts 0
I (00:00:02.175) 
AID: read_admin_info_from_nvm
W
 (00:00:02.179) MSH: admin 0
W 
(00:00:02.182) MSH: admin 0
W (
00:00:02.185) MSH: admin 0
W (0
0:00:02.187) MSH: admin 0
W (00
:00:02.190) MSH: admin 0
W (00:
00:02.193) MSH: admin 0
W (00:0
0:02.195) MSH: admin 0
W (00:00
:02.198) MSH: admin 0
W (00:00:
02.201) MSH: admin 0
W (00:00:0
2.203) MSH: admin 0
I (00:00:02
.206) AP_MN: electl_malfun.elect
l_malfun_ntfy_en=0
W (00:00:02.212) NVM: max_flw_time 20 max_vo
l_usg 30
W (00:00:02.216) NVM: 
ntfy_on_chng_only= 1 timesec 5 t
hrs_cur200 thrs_vol 5 thrs_pwr 5
0
W (00:00:02.224) NVM: ntfy_on_chng_only= 1 timesec 5 thrs_tem
p 5 thrs_flw 500
W (00:00:02.23
1) NVM: voltage_self_cal 1
W (0
0:00:02.235) OST: enrg_sv_pattrn
_tmr Tmr creation Scs
I (00:00:
02.240) SMAX: add_thrd_list addr
 0x3ffc9e54 thrd_list_cnt 1 indx
 0
I (00:00:02.240) MDEC: no fl
ow control
I (00:00:02.250) SMA
X: add_thrd_list addr 0x3ffceabc
 thrd_list_cnt 2 indx 1
I (00:0
0:02.257) SMAX: add_thrd_list ad
dr 0x3ffcb238 thrd_list_cnt 3 in
dx 2
inside log_server..
W (00
:00:02.264) OST: relay_on_timer 
Tmr creation Scs
W (00:00:02.27
0) OST: relay_off_timer Tmr crea
tion Scs
W (00:00:02.270) SMAX:
 Name rx_process hghwtrmrk 3080
W (00:00:02.275) OST: relay_on_
timer Tmr creation Scs
I (00:00
:02.280) SMAX: add_thrd_list add
r 0x3ffcc5fc thrd_list_cnt 4 ind
x 3
W (00:00:02.284) OST: relay
_off_timer Tmr creation Scs
W (
00:00:02.284) SMAX: Name tx_proc
ess hghwtrmrk 3600
I (00:00:02.
296) MSH: no flow control
W (00
:00:02.301) OST: relay_on_timer 
Tmr creation Scs
W (00:00:02.30
9) OST: relay_off_timer Tmr crea
tion Scs
W (00:00:02.309) SMAX:
 Name log_server hghwtrmrk 1696
W (00:00:02.314) OST: relay_on_
timer Tmr creation Scs
E (00:00
:02.319) SMAX: null thrd err occur
W (00:00:02.323)
 OST: relay_
off_timer Tmr creation Scs
W (0
0:00:02.323) SMAX: Name Cntrl_st
ate hghwtrmrk 2584
W (00:00:02.
332) OST: relay_on_timer Tmr creation Scs
W (00:00:02.332) OST:
 con_check_tmr Tmr creation Scs
W (00:00:02.341) OST: relay_off
_timer Tmr creation Scs
W (00:0
0:02.351) OST: relay_on_timer Tmr creation Scs
W (00:00:02.356)
 OST: relay_off_timer Tmr creati
on Scs
W (00:00:02.361) OST: re
lay_on_timer Tmr creation Scs
W
 (00:00:02.365) OST: relay_off_t
imer Tmr creation Scs
W (00:00:
02.370) OST: relay_on_timer Tmr 
creation Scs
W (00:00:02.375) O
ST: relay_off_timer Tmr creation
 Scs
E (00:00:02.380) SKT: Gyse
r State Handler Factory Details 
HDWRE Type = 1
W (00:00:02.386) OST: enrg_con_prdic_tmr Tmr cre
ation Scs
W (00:00:02.392) GDRV
: low_vlt_thrs 160 high_vlt_thrs
 275 no_vlt_thrs10 low_curr_thrs
 200 high_curr_thrs15
W (00:00:
02.401) GDRV: low_vlt_cons_cnt2  high_vlt_cons_cnt 2 no_volt_cnt
 2 high_curr_cn 5
W (00:00:02.4
09) GDRV: low_vlt_thrs 160 prp_v
lt_thrs 180 en_dis 0
W (00:00:0
2.415) GDRV: low_vlt_thrs 160000
 high_vlt_thrs 275000 no_vlt_thr
s 10000 prp_vlt_thrs 180000 low_
curr_thrs 200 high_curr_thrs 150
00
W (00:00:02.427) GDRV: high_
curr_cnt 5 low_vlt_cnt 2 high_vl
t_cnt 2 no_vlt_cnt 2
W (00:00:0
2.434) OST: Voltage_prdic_tmr Tm
r creation Scs
W (00:00:02.439) OST: Voltage_prdic_tmr Tmr Strt
d Scsfly
I (00:00:02.444) SKT: 
energy driver voltage periodic t
imer  is started
W (00:00:02.45
0) OST: On Duration Timer Tmr cr
eation Scs
W (00:00:02.455) OST
: OFF Duration Timer Tmr creatio
n Scs
W (00:00:02.461) OST: SCH
 Duration Timer Tmr creation Scs

W (00:00:02.466) OST: Periodic
 Notify Timer Tmr creation Scs
W (00:00:02.471) OST: PARTIAL_WR
ITE Tmr creation Scs
W (00:00:02.476) OST: INS_ON_OFF Tmr creat
ion Scs
W (00:00:02.479) OST: c
on_check_tmr Tmr Strtd Scsfly
W
 (00:00:02.480) OST: Analytics_m
idnt_tm Tmr creation Scs
W (00:
00:02.490) MSH: total available 
app id count 0
W (00:00:02.495)
 OST: ping_not_tmr Tmr creation 
Scs
W (00:00:02.499) OST: flow_
periodic_cb Tmr creation Scs
W 
(00:00:02.504) OST: flow_periodi
c_cb Tmr Strtd Scsfly
W (00:00:
02.509) GDRV: low_temp_thresh 24 high_temp_thresh 28
I (00:00:0
2.515) GDRV: l_t_thres 24 h_t_th
res 28
W (00:00:02.519) OST: Te
mperature conv tmr Tmr creation 
Scs
W (00:00:02.524) OST: Tempe
rature Prdic tmr Tmr creation Sc
s
W (00:00:02.530) OST: Vol Res
et Timer Tmr creation Scs
W (00
:00:02.535) OST: Flow Leakage Ti
mer Tmr creation Scs
W (00:00:0
2.540) OST: Flow Min Timer Tmr c
reation Scs
I (00:00:02.546) TD
RV: Find devices:
I (00:00:02.5
48) SKT: Calibration_mode 0
I (00:00:02.573) TDRV: 393de1d44
36d4628
W (00:00:02.573) TDRV: 
ret===0
I (00:00:02.580) TDRV: 
Sngle dev optmstns enabled CRC=1

I (00:00:02.601) TDRV: Resol set
 scs Val=1
I (00:00:02.602) SWH
: Tmp_init_ctlr_ste
W (00:00:02
.602) OST: Temperature Prdic tmr
 Tmr Strtd Scsfly
W (00:00:02.6
03) OST: Gyser Max ON Timer Tmr 
creation Scs
I (00:00:02.608) P
C: read connectivity_mode_status
=0
I (00:00:02.613) QSND: INTF_
MSG to 7 evnt 3 pld 0 len(w) 0 c
tx 0 fre_req 0
I (00:00:02.620) SKT: calling pairing mode
W (0
0:00:02.623) EDRV: gl:VOLT=22489
5
I (00:00:02.627) SKT: Prev_sk
t_ste:0 0
W (00:00:02.630) SKT:
 gysr_start_time0 relay_status 0  heating_dur 0 hv_lv_ovrr 0 ioe
smb 0
W (00:00:02.638) SKT: pen
 on sch 0 sch_st time 0 sch dur 
0 gysr stop time 0 rly ste chng 0

I (00:00:02.646) SKT: Calib
ration_mode 0
W (00:00:02.650) 
SKT: RLY  0:0,0 0

W (00:00:02
.653) SKT: No pending process
I
 (00:00:02.657) SKT: Curr_ste2
W (00:00:02.660) SKT: Inv Last o
ff time 0 pending_sts 0 off dur 
0
W (00:00:02.666) SKT: Pwr Off
 State_event rcvd event=13
I (0
0:00:02.671) CEH: common events 
=13
I (00:00:02.674) CEH: Time not sycned atleast one time
I (
00:00:02.679) SKT: Gys_hdlr_ent_
exit GCstate 2 UCstate 0 Event p
roc 13 from intf 7
I (00:00:02.687) PC: pairing_connectivity_ev
ent_hdlr rcvd event=3
I (00:00:
02.692) PC: in pairing mode butt
on press
W (00:00:02.697) OST: 
Periodic Notify Timer,Tmr is not
 active,Failed Stop
I (00:00:02
.703) PC: total_socket=0 0
I (0
0:00:02.704) OSTH: C T_N:- pairi
ng Size:- 4096 Priority:- 10 Cor
e_id:- 0 handle:- 0x3ffbad34
I (00:00:02.707) PC: statr pairing
 thread api
I (00:00:02.715) SM
AX: add_thrd_list addr 0x3ffbad3
4 thrd_list_cnt 5 indx 4
I (00:
00:02.719) SKT: Calibration_mode
 0
I (00:00:02.726) SKT: Gys_hd
lr_ent_exit GCstate 2 UCstate 0 
Event proc 3 from intf 7
I (00:00:02.929) BTDM_INIT: BT c
ontroller compile version [bc2e043]
I (00:00:02.930) system_api
: Base MAC address is not set
I
 (00:00:02.930) system_api: read
 default base MAC address from E
FUSE
I (00:00:02.938) phy_init:
 phy_version 4670,719f9f6,Feb 18 2021,17:07:07
W (00:00:02.959) EDRV: hvc 0 nvc
 0 lvc 0 V 224895 C 0 P 0 pc 1 vl_or 0 vs 24
W (00:00:03.131) SMAX: Name pair
ing hghwtrmrk 2124
